{"meta": {"format": 3, "version": "7.11.0", "timestamp": "2025-11-07T03:18:05.997617", "branch_coverage": true, "show_contexts": false}, "files": {"src/mcpi/__init__.py": {"executed_lines": [], "summary": {"covered_lines": 0, "num_statements": 0, "percent_covered": 100.0, "percent_covered_display": "100", "missing_lines": 0, "excluded_lines": 0, "num_branches": 0, "num_partial_branches": 0, "covered_branches": 0, "missing_branches": 0}, "missing_lines": [], "excluded_lines": [], "executed_branches": [], "missing_branches": [], "functions": {"": {"executed_lines": [], "summary": {"covered_lines": 0, "num_statements": 0, "percent_covered": 100.0, "percent_covered_display": "100", "missing_lines": 0, "excluded_lines": 0, "num_branches": 0, "num_partial_branches": 0, "covered_branches": 0, "missing_branches": 0}, "missing_lines": [], "excluded_lines": [], "executed_branches": [], "missing_branches": []}}, "classes": {"": {"executed_lines": [], "summary": {"covered_lines": 0, "num_statements": 0, "percent_covered": 100.0, "percent_covered_display": "100", "missing_lines": 0, "excluded_lines": 0, "num_branches": 0, "num_partial_branches": 0, "covered_branches": 0, "missing_branches": 0}, "missing_lines": [], "excluded_lines": [], "executed_branches": [], "missing_branches": []}}}, "src/mcpi/cli.py": {"executed_lines": [1, 3, 4, 5, 7, 8, 9, 10, 11, 12, 14, 15, 16, 18, 21, 30, 33, 34, 35, 37, 39, 44, 46, 47, 49, 51, 54, 56, 57, 58, 68, 71, 73, 74, 76, 77, 87, 90, 95, 107, 108, 109, 110, 111, 113, 116, 117, 119, 121, 124, 126, 128, 129, 132, 133, 134, 137, 138, 140, 141, 143, 144, 146, 147, 149, 150, 156, 158, 163, 165, 167, 168, 170, 172, 173, 181, 183, 187, 188, 190, 194, 195, 198, 199, 201, 202, 206, 215, 222, 228, 230, 238, 269, 275, 356, 374, 377, 380, 383, 384, 386, 395, 396, 397, 401, 404, 407, 408, 413, 417, 420, 421, 422, 423, 424, 426, 428, 430, 436, 437, 438, 445, 448, 451, 452, 453, 455, 460, 463, 465, 472, 515, 531, 533, 536, 537, 539, 544, 547, 550, 551, 552, 555, 557, 564, 566, 569, 571, 574, 580, 582, 597, 598, 599, 602, 607, 608, 609, 612, 615, 616, 617, 620, 629, 630, 631, 633, 636, 637, 638, 640, 641, 642, 644, 648, 649, 650, 651, 652, 653, 655, 656, 657, 658, 661, 663, 664, 668, 670, 676, 677, 678, 679, 727, 728, 729, 730, 748, 749, 750, 752, 755, 756, 761, 762, 764, 765, 766, 768, 769, 770, 773, 776, 777, 778, 779, 781, 786, 787, 788, 789, 790, 791, 793, 794, 795, 796, 798, 807, 809, 810, 816, 817, 822, 827, 832, 833, 834, 842, 843, 846, 847, 850, 854, 858, 876, 877, 878, 879, 880, 881, 883, 884, 890, 898, 900, 901, 904, 905, 906, 911, 916, 919, 920, 928, 931, 932, 934, 936, 937, 940, 941, 946, 948, 949, 951, 952, 955, 958, 959, 960, 963, 966, 969, 970, 971, 972, 973, 974, 977, 980, 981, 984, 985, 991, 992, 995, 996, 997, 1000, 1003, 1008, 1009, 1010, 1011, 1012, 1015, 1018, 1019, 1020, 1021, 1022, 1024, 1025, 1027, 1028, 1037, 1039, 1040, 1041, 1047, 1050, 1051, 1052, 1057, 1062, 1065, 1066, 1116, 1117, 1118, 1123, 1126, 1127, 1174, 1175, 1176, 1181, 1184, 1185, 1232, 1233, 1234, 1241, 1247, 1250, 1251, 1274, 1277, 1278, 1280, 1282, 1283, 1285, 1292, 1293, 1301, 1302, 1312, 1314, 1315, 1318, 1321, 1324, 1325, 1329, 1330, 1331, 1332, 1333, 1335, 1341, 1344, 1345, 1348, 1349, 1350, 1351, 1352, 1356, 1359, 1362, 1364, 1366, 1367, 1370, 1373, 1375, 1384, 1385, 1386, 1387, 1388, 1389, 1397, 1420, 1421, 1422, 1425, 1426, 1428, 1430, 1442, 1443, 1444, 1449, 1454, 1455, 1457, 1458, 1460, 1461, 1463, 1464, 1465, 1466, 1468, 1469, 1472, 1474, 1475, 1476, 1477, 1480, 1481, 1482, 1483, 1485, 1486, 1487, 1489, 1491, 1492, 1493, 1495, 1498, 1499, 1501, 1503, 1504, 1506, 1507, 1513, 1514, 1515, 1516, 1518, 1526, 1527, 1529, 1532, 1533, 1535, 1538, 1539, 1541, 1543, 1544, 1545, 1548, 1551, 1552, 1557, 1558, 1559, 1560, 1562, 1563, 1564, 1568, 1569, 1570, 1571, 1573, 1574, 1575, 1580, 1581, 1583, 1585, 1586, 1587, 1588, 1590, 1594, 1595, 1596, 1597, 1598, 1600, 1601, 1604, 1605, 1610, 1612, 1613, 1614, 1616, 1617, 1618, 1619, 1621, 1622, 1632, 1641, 1642, 1643, 1644, 1646, 1647, 1650, 1652, 1654, 1656, 1657, 1659, 1660, 1661, 1666, 1667, 1668, 1669, 1670, 1674, 1675, 1676, 1677, 1678, 1680, 1689, 1690, 1691, 1738, 1739, 1740, 1747, 1749, 1750, 1751, 1752, 1761, 1762, 1767, 1768, 1782, 1785, 1786, 1787, 1788, 1800, 1802, 1803, 1804, 1805, 1806, 1807, 1808, 1809, 1821, 1848], "summary": {"covered_lines": 557, "num_statements": 879, "percent_covered": 60.40781648258284, "percent_covered_display": "60", "missing_lines": 322, "excluded_lines": 2, "num_branches": 298, "num_partial_branches": 44, "covered_branches": 154, "missing_branches": 144}, "missing_lines": [31, 41, 42, 43, 48, 59, 60, 61, 62, 64, 66, 67, 78, 79, 80, 81, 83, 85, 86, 92, 159, 161, 184, 185, 204, 244, 245, 246, 255, 263, 288, 290, 291, 293, 294, 296, 299, 300, 301, 303, 306, 310, 312, 315, 316, 317, 318, 319, 320, 321, 322, 323, 330, 336, 338, 339, 340, 342, 343, 348, 349, 378, 381, 398, 399, 402, 414, 415, 476, 477, 478, 480, 481, 484, 498, 499, 500, 502, 503, 512, 534, 545, 584, 585, 587, 588, 594, 621, 623, 645, 646, 662, 666, 672, 673, 681, 682, 684, 685, 686, 687, 690, 692, 693, 694, 695, 697, 700, 701, 702, 704, 705, 707, 710, 711, 712, 713, 714, 715, 718, 719, 721, 723, 724, 732, 733, 734, 736, 737, 739, 741, 742, 848, 855, 856, 860, 861, 862, 863, 864, 865, 866, 867, 868, 869, 873, 942, 943, 1030, 1033, 1034, 1035, 1042, 1043, 1045, 1074, 1077, 1078, 1080, 1081, 1084, 1085, 1086, 1087, 1089, 1090, 1093, 1094, 1096, 1097, 1099, 1100, 1102, 1106, 1107, 1108, 1109, 1111, 1113, 1131, 1134, 1135, 1137, 1138, 1141, 1142, 1143, 1144, 1146, 1147, 1148, 1151, 1152, 1154, 1155, 1157, 1158, 1160, 1164, 1165, 1166, 1167, 1169, 1171, 1189, 1192, 1193, 1195, 1196, 1199, 1200, 1201, 1202, 1204, 1205, 1206, 1209, 1210, 1212, 1213, 1215, 1216, 1218, 1222, 1223, 1224, 1225, 1227, 1229, 1286, 1289, 1294, 1295, 1298, 1303, 1304, 1305, 1306, 1308, 1309, 1336, 1339, 1378, 1381, 1390, 1393, 1394, 1398, 1401, 1402, 1404, 1407, 1409, 1411, 1412, 1413, 1415, 1416, 1431, 1432, 1433, 1434, 1436, 1438, 1439, 1508, 1509, 1510, 1511, 1519, 1520, 1522, 1523, 1524, 1565, 1607, 1634, 1635, 1671, 1682, 1683, 1711, 1713, 1715, 1716, 1718, 1720, 1722, 1723, 1724, 1725, 1726, 1727, 1729, 1731, 1732, 1753, 1754, 1755, 1790, 1793, 1794, 1795, 1796, 1797, 1810, 1811, 1814, 1815, 1827, 1829, 1831, 1832, 1833, 1834, 1835, 1838, 1839, 1842, 1843, 1844, 1845], "excluded_lines": [1848, 1849], "executed_branches": [[30, 33], [56, 57], [56, 68], [73, 74], [128, 129], [128, 132], [133, 134], [133, 137], [137, 138], [137, 163], [141, 143], [141, 163], [143, 144], [143, 146], [149, 150], [149, 163], [181, 183], [181, 228], [183, 187], [194, 195], [199, 201], [199, 202], [202, 206], [377, 380], [380, 383], [396, 397], [401, 404], [407, 408], [413, 417], [421, 422], [421, 423], [423, 424], [437, 438], [437, 463], [438, 445], [533, 536], [544, 547], [551, 552], [551, 555], [564, 566], [564, 569], [620, -597], [644, 648], [655, 656], [655, 670], [661, 663], [663, 664], [768, 769], [768, 776], [793, 794], [793, 807], [847, 850], [854, 858], [858, 876], [883, 884], [883, 898], [931, 932], [931, 934], [941, 946], [946, 948], [946, 995], [951, 952], [951, 958], [958, 959], [958, 963], [970, 971], [970, 984], [996, 997], [996, 1003], [1008, 1009], [1008, 1018], [1018, 1019], [1018, 1024], [1027, 1028], [1041, 1047], [1277, 1278], [1277, 1280], [1285, 1292], [1314, 1315], [1314, 1321], [1330, 1331], [1331, 1330], [1331, 1332], [1335, 1341], [1344, 1345], [1344, 1356], [1364, 1366], [1364, 1367], [1367, 1370], [1373, 1375], [1373, 1384], [1385, 1386], [1385, 1397], [1389, 1385], [1397, 1420], [1421, 1422], [1421, 1425], [1458, 1460], [1458, 1538], [1463, 1464], [1463, 1472], [1465, 1466], [1465, 1468], [1472, 1474], [1472, 1480], [1485, 1486], [1486, 1487], [1486, 1489], [1491, 1492], [1492, 1493], [1492, 1495], [1498, 1499], [1498, 1501], [1506, 1507], [1506, 1526], [1507, 1513], [1518, 1532], [1526, 1527], [1526, 1529], [1532, 1533], [1532, 1535], [1541, 1543], [1541, 1548], [1558, 1559], [1559, 1560], [1559, 1562], [1563, 1564], [1563, 1568], [1564, 1563], [1569, 1570], [1570, 1571], [1570, 1573], [1580, 1581], [1580, 1583], [1587, 1588], [1587, 1590], [1604, 1605], [1612, 1613], [1612, 1616], [1621, 1622], [1621, 1632], [1652, 1654], [1652, 1659], [1667, 1668], [1669, 1670], [1669, 1674], [1670, 1669], [1675, 1676], [1785, 1786], [1785, 1800], [1787, 1788], [1802, 1803], [1802, 1806], [1806, 1807]], "missing_branches": [[30, 31], [41, 42], [41, 43], [60, 61], [60, 66], [73, 87], [79, 80], [79, 85], [183, 184], [194, 269], [202, 204], [290, 291], [290, 293], [299, 300], [299, 303], [315, 316], [315, 330], [317, 318], [317, 322], [320, 317], [320, 321], [377, 378], [380, 381], [396, 398], [398, 399], [398, 401], [401, 402], [407, 476], [413, 414], [423, 426], [438, 437], [476, 477], [476, 480], [533, 534], [544, 545], [620, 621], [644, 645], [661, 662], [663, 666], [684, 685], [684, 692], [686, 687], [686, 692], [693, 694], [693, 697], [701, 702], [701, 704], [704, 705], [704, 707], [711, 712], [711, 721], [713, 714], [713, 721], [718, 713], [718, 719], [736, 737], [736, 739], [847, 848], [854, 855], [858, 860], [860, -816], [860, 861], [866, 867], [866, 868], [868, 869], [868, 873], [941, 942], [1027, 1030], [1033, -904], [1033, 1034], [1034, -904], [1034, 1035], [1041, 1042], [1077, 1078], [1077, 1080], [1084, 1085], [1084, 1093], [1086, 1087], [1086, 1089], [1093, 1094], [1093, 1096], [1099, 1100], [1099, 1102], [1107, 1108], [1107, 1113], [1134, 1135], [1134, 1137], [1142, 1143], [1142, 1146], [1146, 1147], [1146, 1151], [1151, 1152], [1151, 1154], [1157, 1158], [1157, 1160], [1165, 1166], [1165, 1171], [1192, 1193], [1192, 1195], [1200, 1201], [1200, 1204], [1204, 1205], [1204, 1209], [1209, 1210], [1209, 1212], [1215, 1216], [1215, 1218], [1223, 1224], [1223, 1229], [1285, 1286], [1305, 1306], [1305, 1309], [1330, 1335], [1335, 1336], [1367, 1378], [1389, 1390], [1397, 1398], [1401, 1402], [1401, 1404], [1412, 1413], [1412, 1416], [1432, 1433], [1432, 1438], [1485, 1491], [1491, 1498], [1507, 1508], [1518, 1519], [1519, 1520], [1519, 1522], [1523, 1524], [1523, 1532], [1558, 1568], [1564, 1565], [1569, 1580], [1604, 1607], [1667, 1674], [1670, 1671], [1675, 1680], [1725, 1726], [1725, 1731], [1787, 1790], [1806, 1810], [1810, -1761], [1810, 1811]], "functions": {"shorten_path": {"executed_lines": [30, 33, 34, 35, 37, 39, 44, 46, 47, 49, 51], "summary": {"covered_lines": 11, "num_statements": 16, "percent_covered": 60.0, "percent_covered_display": "60", "missing_lines": 5, "excluded_lines": 0, "num_branches": 4, "num_partial_branches": 1, "covered_branches": 1, "missing_branches": 3}, "missing_lines": [31, 41, 42, 43, 48], "excluded_lines": [], "executed_branches": [[30, 33]], "missing_branches": [[30, 31], [41, 42], [41, 43]]}, "get_mcp_manager": {"executed_lines": [56, 57, 58, 68], "summary": {"covered_lines": 4, "num_statements": 11, "percent_covered": 40.0, "percent_covered_display": "40", "missing_lines": 7, "excluded_lines": 0, "num_branches": 4, "num_partial_branches": 0, "covered_branches": 2, "missing_branches": 2}, "missing_lines": [59, 60, 61, 62, 64, 66, 67], "excluded_lines": [], "executed_branches": [[56, 57], [56, 68]], "missing_branches": [[60, 61], [60, 66]]}, "get_catalog": {"executed_lines": [73, 74, 76, 77, 87], "summary": {"covered_lines": 5, "num_statements": 12, "percent_covered": 37.5, "percent_covered_display": "38", "missing_lines": 7, "excluded_lines": 0, "num_branches": 4, "num_partial_branches": 1, "covered_branches": 1, "missing_branches": 3}, "missing_lines": [78, 79, 80, 81, 83, 85, 86], "excluded_lines": [], "executed_branches": [[73, 74]], "missing_branches": [[73, 87], [79, 80], [79, 85]]}, "get_registry_manager": {"executed_lines": [], "summary": {"covered_lines": 0, "num_statements": 1, "percent_covered": 0.0, "percent_covered_display": "0", "missing_lines": 1, "excluded_lines": 0, "num_branches": 0, "num_partial_branches": 0, "covered_branches": 0, "missing_branches": 0}, "missing_lines": [92], "excluded_lines": [], "executed_branches": [], "missing_branches": []}, "get_available_scopes": {"executed_lines": [107, 108, 109, 110, 111, 113], "summary": {"covered_lines": 6, "num_statements": 6, "percent_covered": 100.0, "percent_covered_display": "100", "missing_lines": 0, "excluded_lines": 0, "num_branches": 0, "num_partial_branches": 0, "covered_branches": 0, "missing_branches": 0}, "missing_lines": [], "excluded_lines": [], "executed_branches": [], "missing_branches": []}, "DynamicScopeType.get_metavar": {"executed_lines": [124], "summary": {"covered_lines": 1, "num_statements": 1, "percent_covered": 100.0, "percent_covered_display": "100", "missing_lines": 0, "excluded_lines": 0, "num_branches": 0, "num_partial_branches": 0, "covered_branches": 0, "missing_branches": 0}, "missing_lines": [], "excluded_lines": [], "executed_branches": [], "missing_branches": []}, "DynamicScopeType.convert": {"executed_lines": [128, 129, 132, 133, 134, 137, 138, 140, 141, 143, 144, 146, 147, 149, 150, 156, 158, 163], "summary": {"covered_lines": 18, "num_statements": 20, "percent_covered": 93.75, "percent_covered_display": "94", "missing_lines": 2, "excluded_lines": 0, "num_branches": 12, "num_partial_branches": 0, "covered_branches": 12, "missing_branches": 0}, "missing_lines": [159, 161], "excluded_lines": [], "executed_branches": [[128, 129], [128, 132], [133, 134], [133, 137], [137, 138], [137, 163], [141, 143], [141, 163], [143, 144], [143, 146], [149, 150], [149, 163]], "missing_branches": []}, "DynamicScopeType.shell_complete": {"executed_lines": [167, 168, 170, 172, 173, 181, 183, 187, 188, 190, 194, 195, 198, 199, 201, 202, 206, 215, 222, 228, 230, 238, 269], "summary": {"covered_lines": 23, "num_statements": 31, "percent_covered": 73.17073170731707, "percent_covered_display": "73", "missing_lines": 8, "excluded_lines": 0, "num_branches": 10, "num_partial_branches": 3, "covered_branches": 7, "missing_branches": 3}, "missing_lines": [184, 185, 204, 244, 245, 246, 255, 263], "excluded_lines": [], "executed_branches": [[181, 183], [181, 228], [183, 187], [194, 195], [199, 201], [199, 202], [202, 206]], "missing_branches": [[183, 184], [194, 269], [202, 204]]}, "complete_client_names": {"executed_lines": [], "summary": {"covered_lines": 0, "num_statements": 31, "percent_covered": 0.0, "percent_covered_display": "0", "missing_lines": 31, "excluded_lines": 0, "num_branches": 10, "num_partial_branches": 0, "covered_branches": 0, "missing_branches": 10}, "missing_lines": [288, 290, 291, 293, 294, 296, 299, 300, 301, 303, 306, 310, 312, 315, 316, 317, 318, 319, 320, 321, 322, 323, 330, 336, 338, 339, 340, 342, 343, 348, 349], "excluded_lines": [], "executed_branches": [], "missing_branches": [[290, 291], [290, 293], [299, 300], [299, 303], [315, 316], [315, 330], [317, 318], [317, 322], [320, 317], [320, 321]]}, "complete_server_ids": {"executed_lines": [374, 377, 380, 383, 384, 386, 395, 396, 397, 401, 404, 407, 408, 413, 417, 420, 421, 422, 423, 424, 426, 428, 430, 436, 437, 438, 445, 448, 451, 452, 453, 455, 460, 463, 465, 472], "summary": {"covered_lines": 36, "num_statements": 55, "percent_covered": 60.75949367088607, "percent_covered_display": "61", "missing_lines": 19, "excluded_lines": 0, "num_branches": 24, "num_partial_branches": 8, "covered_branches": 12, "missing_branches": 12}, "missing_lines": [378, 381, 398, 399, 402, 414, 415, 476, 477, 478, 480, 481, 484, 498, 499, 500, 502, 503, 512], "excluded_lines": [], "executed_branches": [[377, 380], [380, 383], [396, 397], [401, 404], [407, 408], [413, 417], [421, 422], [421, 423], [423, 424], [437, 438], [437, 463], [438, 445]], "missing_branches": [[377, 378], [380, 381], [396, 398], [398, 399], [398, 401], [401, 402], [407, 476], [413, 414], [423, 426], [438, 437], [476, 477], [476, 480]]}, "complete_rescope_server_name": {"executed_lines": [531, 533, 536, 537, 539, 544, 547, 550, 551, 552, 555, 557, 564, 566, 569, 571, 574, 580, 582], "summary": {"covered_lines": 19, "num_statements": 26, "percent_covered": 73.52941176470588, "percent_covered_display": "74", "missing_lines": 7, "excluded_lines": 0, "num_branches": 8, "num_partial_branches": 2, "covered_branches": 6, "missing_branches": 2}, "missing_lines": [534, 545, 584, 585, 587, 588, 594], "excluded_lines": [], "executed_branches": [[533, 536], [544, 547], [551, 552], [551, 555], [564, 566], [564, 569]], "missing_branches": [[533, 534], [544, 545]]}, "main": {"executed_lines": [612, 615, 616, 617, 620], "summary": {"covered_lines": 5, "num_statements": 7, "percent_covered": 66.66666666666667, "percent_covered_display": "67", "missing_lines": 2, "excluded_lines": 0, "num_branches": 2, "num_partial_branches": 1, "covered_branches": 1, "missing_branches": 1}, "missing_lines": [621, 623], "excluded_lines": [], "executed_branches": [[620, -597]], "missing_branches": [[620, 621]]}, "client": {"executed_lines": [633], "summary": {"covered_lines": 1, "num_statements": 1, "percent_covered": 100.0, "percent_covered_display": "100", "missing_lines": 0, "excluded_lines": 0, "num_branches": 0, "num_partial_branches": 0, "covered_branches": 0, "missing_branches": 0}, "missing_lines": [], "excluded_lines": [], "executed_branches": [], "missing_branches": []}, "list_clients": {"executed_lines": [640, 641, 642, 644, 648, 649, 650, 651, 652, 653, 655, 656, 657, 658, 661, 663, 664, 668, 670], "summary": {"covered_lines": 19, "num_statements": 25, "percent_covered": 72.72727272727273, "percent_covered_display": "73", "missing_lines": 6, "excluded_lines": 0, "num_branches": 8, "num_partial_branches": 3, "covered_branches": 5, "missing_branches": 3}, "missing_lines": [645, 646, 662, 666, 672, 673], "excluded_lines": [], "executed_branches": [[644, 648], [655, 656], [655, 670], [661, 663], [663, 664]], "missing_branches": [[644, 645], [661, 662], [663, 666]]}, "client_info": {"executed_lines": [], "summary": {"covered_lines": 0, "num_statements": 29, "percent_covered": 0.0, "percent_covered_display": "0", "missing_lines": 29, "excluded_lines": 0, "num_branches": 16, "num_partial_branches": 0, "covered_branches": 0, "missing_branches": 16}, "missing_lines": [681, 682, 684, 685, 686, 687, 690, 692, 693, 694, 695, 697, 700, 701, 702, 704, 705, 707, 710, 711, 712, 713, 714, 715, 718, 719, 721, 723, 724], "excluded_lines": [], "executed_branches": [], "missing_branches": [[684, 685], [684, 692], [686, 687], [686, 692], [693, 694], [693, 697], [701, 702], [701, 704], [704, 705], [704, 707], [711, 712], [711, 721], [713, 714], [713, 721], [718, 713], [718, 719]]}, "set_default_client": {"executed_lines": [], "summary": {"covered_lines": 0, "num_statements": 8, "percent_covered": 0.0, "percent_covered_display": "0", "missing_lines": 8, "excluded_lines": 0, "num_branches": 2, "num_partial_branches": 0, "covered_branches": 0, "missing_branches": 2}, "missing_lines": [732, 733, 734, 736, 737, 739, 741, 742], "excluded_lines": [], "executed_branches": [], "missing_branches": [[736, 737], [736, 739]]}, "scope": {"executed_lines": [752], "summary": {"covered_lines": 1, "num_statements": 1, "percent_covered": 100.0, "percent_covered_display": "100", "missing_lines": 0, "excluded_lines": 0, "num_branches": 0, "num_partial_branches": 0, "covered_branches": 0, "missing_branches": 0}, "missing_lines": [], "excluded_lines": [], "executed_branches": [], "missing_branches": []}, "list_scopes": {"executed_lines": [764, 765, 766, 768, 769, 770, 773, 776, 777, 778, 779, 781, 786, 787, 788, 789, 790, 791, 793, 794, 795, 796, 798, 807, 809, 810], "summary": {"covered_lines": 26, "num_statements": 26, "percent_covered": 100.0, "percent_covered_display": "100", "missing_lines": 0, "excluded_lines": 0, "num_branches": 4, "num_partial_branches": 0, "covered_branches": 4, "missing_branches": 0}, "missing_lines": [], "excluded_lines": [], "executed_branches": [[768, 769], [768, 776], [793, 794], [793, 807]], "missing_branches": []}, "list": {"executed_lines": [842, 843, 846, 847, 850, 854, 858, 876, 877, 878, 879, 880, 881, 883, 884, 890, 898, 900, 901], "summary": {"covered_lines": 19, "num_statements": 33, "percent_covered": 51.06382978723404, "percent_covered_display": "51", "missing_lines": 14, "excluded_lines": 0, "num_branches": 14, "num_partial_branches": 3, "covered_branches": 5, "missing_branches": 9}, "missing_lines": [848, 855, 856, 860, 861, 862, 863, 864, 865, 866, 867, 868, 869, 873], "excluded_lines": [], "executed_branches": [[847, 850], [854, 858], [858, 876], [883, 884], [883, 898]], "missing_branches": [[847, 848], [854, 855], [858, 860], [860, -816], [860, 861], [866, 867], [866, 868], [868, 869], [868, 873]]}, "add": {"executed_lines": [928, 931, 932, 934, 936, 937, 940, 941, 946, 948, 949, 951, 952, 955, 958, 959, 960, 963, 966, 969, 970, 971, 972, 973, 974, 977, 980, 981, 984, 985, 991, 992, 995, 996, 997, 1000, 1003, 1008, 1009, 1010, 1011, 1012, 1015, 1018, 1019, 1020, 1021, 1022, 1024, 1025, 1027, 1028, 1037, 1039, 1040, 1041, 1047], "summary": {"covered_lines": 57, "num_statements": 66, "percent_covered": 82.6086956521739, "percent_covered_display": "83", "missing_lines": 9, "excluded_lines": 0, "num_branches": 26, "num_partial_branches": 3, "covered_branches": 19, "missing_branches": 7}, "missing_lines": [942, 943, 1030, 1033, 1034, 1035, 1042, 1043, 1045], "excluded_lines": [], "executed_branches": [[931, 932], [931, 934], [941, 946], [946, 948], [946, 995], [951, 952], [951, 958], [958, 959], [958, 963], [970, 971], [970, 984], [996, 997], [996, 1003], [1008, 1009], [1008, 1018], [1018, 1019], [1018, 1024], [1027, 1028], [1041, 1047]], "missing_branches": [[941, 942], [1027, 1030], [1033, -904], [1033, 1034], [1034, -904], [1034, 1035], [1041, 1042]]}, "remove": {"executed_lines": [], "summary": {"covered_lines": 0, "num_statements": 24, "percent_covered": 0.0, "percent_covered_display": "0", "missing_lines": 24, "excluded_lines": 0, "num_branches": 12, "num_partial_branches": 0, "covered_branches": 0, "missing_branches": 12}, "missing_lines": [1074, 1077, 1078, 1080, 1081, 1084, 1085, 1086, 1087, 1089, 1090, 1093, 1094, 1096, 1097, 1099, 1100, 1102, 1106, 1107, 1108, 1109, 1111, 1113], "excluded_lines": [], "executed_branches": [], "missing_branches": [[1077, 1078], [1077, 1080], [1084, 1085], [1084, 1093], [1086, 1087], [1086, 1089], [1093, 1094], [1093, 1096], [1099, 1100], [1099, 1102], [1107, 1108], [1107, 1113]]}, "enable": {"executed_lines": [], "summary": {"covered_lines": 0, "num_statements": 25, "percent_covered": 0.0, "percent_covered_display": "0", "missing_lines": 25, "excluded_lines": 0, "num_branches": 12, "num_partial_branches": 0, "covered_branches": 0, "missing_branches": 12}, "missing_lines": [1131, 1134, 1135, 1137, 1138, 1141, 1142, 1143, 1144, 1146, 1147, 1148, 1151, 1152, 1154, 1155, 1157, 1158, 1160, 1164, 1165, 1166, 1167, 1169, 1171], "excluded_lines": [], "executed_branches": [], "missing_branches": [[1134, 1135], [1134, 1137], [1142, 1143], [1142, 1146], [1146, 1147], [1146, 1151], [1151, 1152], [1151, 1154], [1157, 1158], [1157, 1160], [1165, 1166], [1165, 1171]]}, "disable": {"executed_lines": [], "summary": {"covered_lines": 0, "num_statements": 25, "percent_covered": 0.0, "percent_covered_display": "0", "missing_lines": 25, "excluded_lines": 0, "num_branches": 12, "num_partial_branches": 0, "covered_branches": 0, "missing_branches": 12}, "missing_lines": [1189, 1192, 1193, 1195, 1196, 1199, 1200, 1201, 1202, 1204, 1205, 1206, 1209, 1210, 1212, 1213, 1215, 1216, 1218, 1222, 1223, 1224, 1225, 1227, 1229], "excluded_lines": [], "executed_branches": [], "missing_branches": [[1192, 1193], [1192, 1195], [1200, 1201], [1200, 1204], [1204, 1205], [1204, 1209], [1209, 1210], [1209, 1212], [1215, 1216], [1215, 1218], [1223, 1224], [1223, 1229]]}, "rescope": {"executed_lines": [1274, 1277, 1278, 1280, 1282, 1283, 1285, 1292, 1293, 1301, 1302, 1312, 1314, 1315, 1318, 1321, 1324, 1325, 1329, 1330, 1331, 1332, 1333, 1335, 1341, 1344, 1345, 1348, 1349, 1350, 1351, 1352, 1356, 1359, 1362, 1364, 1366, 1367, 1370, 1373, 1375, 1384, 1385, 1386, 1387, 1388, 1389, 1397, 1420, 1421, 1422, 1425, 1426, 1428, 1430], "summary": {"covered_lines": 55, "num_statements": 91, "percent_covered": 60.62992125984252, "percent_covered_display": "61", "missing_lines": 36, "excluded_lines": 0, "num_branches": 36, "num_partial_branches": 6, "covered_branches": 22, "missing_branches": 14}, "missing_lines": [1286, 1289, 1294, 1295, 1298, 1303, 1304, 1305, 1306, 1308, 1309, 1336, 1339, 1378, 1381, 1390, 1393, 1394, 1398, 1401, 1402, 1404, 1407, 1409, 1411, 1412, 1413, 1415, 1416, 1431, 1432, 1433, 1434, 1436, 1438, 1439], "excluded_lines": [], "executed_branches": [[1277, 1278], [1277, 1280], [1285, 1292], [1314, 1315], [1314, 1321], [1330, 1331], [1331, 1330], [1331, 1332], [1335, 1341], [1344, 1345], [1344, 1356], [1364, 1366], [1364, 1367], [1367, 1370], [1373, 1375], [1373, 1384], [1385, 1386], [1385, 1397], [1389, 1385], [1397, 1420], [1421, 1422], [1421, 1425]], "missing_branches": [[1285, 1286], [1305, 1306], [1305, 1309], [1330, 1335], [1335, 1336], [1367, 1378], [1389, 1390], [1397, 1398], [1401, 1402], [1401, 1404], [1412, 1413], [1412, 1416], [1432, 1433], [1432, 1438]]}, "info": {"executed_lines": [1457, 1458, 1460, 1461, 1463, 1464, 1465, 1466, 1468, 1469, 1472, 1474, 1475, 1476, 1477, 1480, 1481, 1482, 1483, 1485, 1486, 1487, 1489, 1491, 1492, 1493, 1495, 1498, 1499, 1501, 1503, 1504, 1506, 1507, 1513, 1514, 1515, 1516, 1518, 1526, 1527, 1529, 1532, 1533, 1535, 1538, 1539, 1541, 1543, 1544, 1545, 1548, 1551, 1552, 1557, 1558, 1559, 1560, 1562, 1563, 1564, 1568, 1569, 1570, 1571, 1573, 1574, 1575, 1580, 1581, 1583, 1585, 1586, 1587, 1588, 1590], "summary": {"covered_lines": 76, "num_statements": 86, "percent_covered": 84.55882352941177, "percent_covered_display": "85", "missing_lines": 10, "excluded_lines": 0, "num_branches": 50, "num_partial_branches": 7, "covered_branches": 39, "missing_branches": 11}, "missing_lines": [1508, 1509, 1510, 1511, 1519, 1520, 1522, 1523, 1524, 1565], "excluded_lines": [], "executed_branches": [[1458, 1460], [1458, 1538], [1463, 1464], [1463, 1472], [1465, 1466], [1465, 1468], [1472, 1474], [1472, 1480], [1485, 1486], [1486, 1487], [1486, 1489], [1491, 1492], [1492, 1493], [1492, 1495], [1498, 1499], [1498, 1501], [1506, 1507], [1506, 1526], [1507, 1513], [1518, 1532], [1526, 1527], [1526, 1529], [1532, 1533], [1532, 1535], [1541, 1543], [1541, 1548], [1558, 1559], [1559, 1560], [1559, 1562], [1563, 1564], [1563, 1568], [1564, 1563], [1569, 1570], [1570, 1571], [1570, 1573], [1580, 1581], [1580, 1583], [1587, 1588], [1587, 1590]], "missing_branches": [[1485, 1491], [1491, 1498], [1507, 1508], [1518, 1519], [1519, 1520], [1519, 1522], [1523, 1524], [1523, 1532], [1558, 1568], [1564, 1565], [1569, 1580]]}, "search": {"executed_lines": [1600, 1601, 1604, 1605, 1610, 1612, 1613, 1614, 1616, 1617, 1618, 1619, 1621, 1622, 1632], "summary": {"covered_lines": 15, "num_statements": 18, "percent_covered": 83.33333333333333, "percent_covered_display": "83", "missing_lines": 3, "excluded_lines": 0, "num_branches": 6, "num_partial_branches": 1, "covered_branches": 5, "missing_branches": 1}, "missing_lines": [1607, 1634, 1635], "excluded_lines": [], "executed_branches": [[1604, 1605], [1612, 1613], [1612, 1616], [1621, 1622], [1621, 1632]], "missing_branches": [[1604, 1607]]}, "status": {"executed_lines": [1646, 1647, 1650, 1652, 1654, 1656, 1657, 1659, 1660, 1661, 1666, 1667, 1668, 1669, 1670, 1674, 1675, 1676, 1677, 1678, 1680], "summary": {"covered_lines": 21, "num_statements": 24, "percent_covered": 82.3529411764706, "percent_covered_display": "82", "missing_lines": 3, "excluded_lines": 0, "num_branches": 10, "num_partial_branches": 3, "covered_branches": 7, "missing_branches": 3}, "missing_lines": [1671, 1682, 1683], "excluded_lines": [], "executed_branches": [[1652, 1654], [1652, 1659], [1667, 1668], [1669, 1670], [1669, 1674], [1670, 1669], [1675, 1676]], "missing_branches": [[1667, 1674], [1670, 1671], [1675, 1680]]}, "fzf": {"executed_lines": [], "summary": {"covered_lines": 0, "num_statements": 15, "percent_covered": 0.0, "percent_covered_display": "0", "missing_lines": 15, "excluded_lines": 0, "num_branches": 2, "num_partial_branches": 0, "covered_branches": 0, "missing_branches": 2}, "missing_lines": [1711, 1713, 1715, 1716, 1718, 1720, 1722, 1723, 1724, 1725, 1726, 1727, 1729, 1731, 1732], "excluded_lines": [], "executed_branches": [], "missing_branches": [[1725, 1726], [1725, 1731]]}, "tui_reload": {"executed_lines": [1747, 1749, 1750, 1751, 1752], "summary": {"covered_lines": 5, "num_statements": 8, "percent_covered": 62.5, "percent_covered_display": "62", "missing_lines": 3, "excluded_lines": 0, "num_branches": 0, "num_partial_branches": 0, "covered_branches": 0, "missing_branches": 0}, "missing_lines": [1753, 1754, 1755], "excluded_lines": [], "executed_branches": [], "missing_branches": []}, "completion": {"executed_lines": [1782, 1785, 1786, 1787, 1788, 1800, 1802, 1803, 1804, 1805, 1806, 1807, 1808, 1809], "summary": {"covered_lines": 14, "num_statements": 24, "percent_covered": 58.8235294117647, "percent_covered_display": "59", "missing_lines": 10, "excluded_lines": 0, "num_branches": 10, "num_partial_branches": 2, "covered_branches": 6, "missing_branches": 4}, "missing_lines": [1790, 1793, 1794, 1795, 1796, 1797, 1810, 1811, 1814, 1815], "excluded_lines": [], "executed_branches": [[1785, 1786], [1785, 1800], [1787, 1788], [1802, 1803], [1802, 1806], [1806, 1807]], "missing_branches": [[1787, 1790], [1806, 1810], [1810, -1761], [1810, 1811]]}, "tui_reload_entry": {"executed_lines": [], "summary": {"covered_lines": 0, "num_statements": 13, "percent_covered": 0.0, "percent_covered_display": "0", "missing_lines": 13, "excluded_lines": 0, "num_branches": 0, "num_partial_branches": 0, "covered_branches": 0, "missing_branches": 0}, "missing_lines": [1827, 1829, 1831, 1832, 1833, 1834, 1835, 1838, 1839, 1842, 1843, 1844, 1845], "excluded_lines": [], "executed_branches": [], "missing_branches": []}, "": {"executed_lines": [1, 3, 4, 5, 7, 8, 9, 10, 11, 12, 14, 15, 16, 18, 21, 54, 71, 90, 95, 116, 117, 119, 121, 126, 165, 275, 356, 515, 597, 598, 599, 602, 607, 608, 609, 629, 630, 631, 636, 637, 638, 676, 677, 678, 679, 727, 728, 729, 730, 748, 749, 750, 755, 756, 761, 762, 816, 817, 822, 827, 832, 833, 834, 904, 905, 906, 911, 916, 919, 920, 1050, 1051, 1052, 1057, 1062, 1065, 1066, 1116, 1117, 1118, 1123, 1126, 1127, 1174, 1175, 1176, 1181, 1184, 1185, 1232, 1233, 1234, 1241, 1247, 1250, 1251, 1442, 1443, 1444, 1449, 1454, 1455, 1594, 1595, 1596, 1597, 1598, 1641, 1642, 1643, 1644, 1689, 1690, 1691, 1738, 1739, 1740, 1761, 1762, 1767, 1768, 1821, 1848], "summary": {"covered_lines": 120, "num_statements": 120, "percent_covered": 100.0, "percent_covered_display": "100", "missing_lines": 0, "excluded_lines": 2, "num_branches": 0, "num_partial_branches": 0, "covered_branches": 0, "missing_branches": 0}, "missing_lines": [], "excluded_lines": [1848, 1849], "executed_branches": [], "missing_branches": []}}, "classes": {"DynamicScopeType": {"executed_lines": [124, 128, 129, 132, 133, 134, 137, 138, 140, 141, 143, 144, 146, 147, 149, 150, 156, 158, 163, 167, 168, 170, 172, 173, 181, 183, 187, 188, 190, 194, 195, 198, 199, 201, 202, 206, 215, 222, 228, 230, 238, 269], "summary": {"covered_lines": 42, "num_statements": 52, "percent_covered": 82.43243243243244, "percent_covered_display": "82", "missing_lines": 10, "excluded_lines": 0, "num_branches": 22, "num_partial_branches": 3, "covered_branches": 19, "missing_branches": 3}, "missing_lines": [159, 161, 184, 185, 204, 244, 245, 246, 255, 263], "excluded_lines": [], "executed_branches": [[128, 129], [128, 132], [133, 134], [133, 137], [137, 138], [137, 163], [141, 143], [141, 163], [143, 144], [143, 146], [149, 150], [149, 163], [181, 183], [181, 228], [183, 187], [194, 195], [199, 201], [199, 202], [202, 206]], "missing_branches": [[183, 184], [194, 269], [202, 204]]}, "": {"executed_lines": [1, 3, 4, 5, 7, 8, 9, 10, 11, 12, 14, 15, 16, 18, 21, 30, 33, 34, 35, 37, 39, 44, 46, 47, 49, 51, 54, 56, 57, 58, 68, 71, 73, 74, 76, 77, 87, 90, 95, 107, 108, 109, 110, 111, 113, 116, 117, 119, 121, 126, 165, 275, 356, 374, 377, 380, 383, 384, 386, 395, 396, 397, 401, 404, 407, 408, 413, 417, 420, 421, 422, 423, 424, 426, 428, 430, 436, 437, 438, 445, 448, 451, 452, 453, 455, 460, 463, 465, 472, 515, 531, 533, 536, 537, 539, 544, 547, 550, 551, 552, 555, 557, 564, 566, 569, 571, 574, 580, 582, 597, 598, 599, 602, 607, 608, 609, 612, 615, 616, 617, 620, 629, 630, 631, 633, 636, 637, 638, 640, 641, 642, 644, 648, 649, 650, 651, 652, 653, 655, 656, 657, 658, 661, 663, 664, 668, 670, 676, 677, 678, 679, 727, 728, 729, 730, 748, 749, 750, 752, 755, 756, 761, 762, 764, 765, 766, 768, 769, 770, 773, 776, 777, 778, 779, 781, 786, 787, 788, 789, 790, 791, 793, 794, 795, 796, 798, 807, 809, 810, 816, 817, 822, 827, 832, 833, 834, 842, 843, 846, 847, 850, 854, 858, 876, 877, 878, 879, 880, 881, 883, 884, 890, 898, 900, 901, 904, 905, 906, 911, 916, 919, 920, 928, 931, 932, 934, 936, 937, 940, 941, 946, 948, 949, 951, 952, 955, 958, 959, 960, 963, 966, 969, 970, 971, 972, 973, 974, 977, 980, 981, 984, 985, 991, 992, 995, 996, 997, 1000, 1003, 1008, 1009, 1010, 1011, 1012, 1015, 1018, 1019, 1020, 1021, 1022, 1024, 1025, 1027, 1028, 1037, 1039, 1040, 1041, 1047, 1050, 1051, 1052, 1057, 1062, 1065, 1066, 1116, 1117, 1118, 1123, 1126, 1127, 1174, 1175, 1176, 1181, 1184, 1185, 1232, 1233, 1234, 1241, 1247, 1250, 1251, 1274, 1277, 1278, 1280, 1282, 1283, 1285, 1292, 1293, 1301, 1302, 1312, 1314, 1315, 1318, 1321, 1324, 1325, 1329, 1330, 1331, 1332, 1333, 1335, 1341, 1344, 1345, 1348, 1349, 1350, 1351, 1352, 1356, 1359, 1362, 1364, 1366, 1367, 1370, 1373, 1375, 1384, 1385, 1386, 1387, 1388, 1389, 1397, 1420, 1421, 1422, 1425, 1426, 1428, 1430, 1442, 1443, 1444, 1449, 1454, 1455, 1457, 1458, 1460, 1461, 1463, 1464, 1465, 1466, 1468, 1469, 1472, 1474, 1475, 1476, 1477, 1480, 1481, 1482, 1483, 1485, 1486, 1487, 1489, 1491, 1492, 1493, 1495, 1498, 1499, 1501, 1503, 1504, 1506, 1507, 1513, 1514, 1515, 1516, 1518, 1526, 1527, 1529, 1532, 1533, 1535, 1538, 1539, 1541, 1543, 1544, 1545, 1548, 1551, 1552, 1557, 1558, 1559, 1560, 1562, 1563, 1564, 1568, 1569, 1570, 1571, 1573, 1574, 1575, 1580, 1581, 1583, 1585, 1586, 1587, 1588, 1590, 1594, 1595, 1596, 1597, 1598, 1600, 1601, 1604, 1605, 1610, 1612, 1613, 1614, 1616, 1617, 1618, 1619, 1621, 1622, 1632, 1641, 1642, 1643, 1644, 1646, 1647, 1650, 1652, 1654, 1656, 1657, 1659, 1660, 1661, 1666, 1667, 1668, 1669, 1670, 1674, 1675, 1676, 1677, 1678, 1680, 1689, 1690, 1691, 1738, 1739, 1740, 1747, 1749, 1750, 1751, 1752, 1761, 1762, 1767, 1768, 1782, 1785, 1786, 1787, 1788, 1800, 1802, 1803, 1804, 1805, 1806, 1807, 1808, 1809, 1821, 1848], "summary": {"covered_lines": 515, "num_statements": 827, "percent_covered": 58.930190389845876, "percent_covered_display": "59", "missing_lines": 312, "excluded_lines": 2, "num_branches": 276, "num_partial_branches": 41, "covered_branches": 135, "missing_branches": 141}, "missing_lines": [31, 41, 42, 43, 48, 59, 60, 61, 62, 64, 66, 67, 78, 79, 80, 81, 83, 85, 86, 92, 288, 290, 291, 293, 294, 296, 299, 300, 301, 303, 306, 310, 312, 315, 316, 317, 318, 319, 320, 321, 322, 323, 330, 336, 338, 339, 340, 342, 343, 348, 349, 378, 381, 398, 399, 402, 414, 415, 476, 477, 478, 480, 481, 484, 498, 499, 500, 502, 503, 512, 534, 545, 584, 585, 587, 588, 594, 621, 623, 645, 646, 662, 666, 672, 673, 681, 682, 684, 685, 686, 687, 690, 692, 693, 694, 695, 697, 700, 701, 702, 704, 705, 707, 710, 711, 712, 713, 714, 715, 718, 719, 721, 723, 724, 732, 733, 734, 736, 737, 739, 741, 742, 848, 855, 856, 860, 861, 862, 863, 864, 865, 866, 867, 868, 869, 873, 942, 943, 1030, 1033, 1034, 1035, 1042, 1043, 1045, 1074, 1077, 1078, 1080, 1081, 1084, 1085, 1086, 1087, 1089, 1090, 1093, 1094, 1096, 1097, 1099, 1100, 1102, 1106, 1107, 1108, 1109, 1111, 1113, 1131, 1134, 1135, 1137, 1138, 1141, 1142, 1143, 1144, 1146, 1147, 1148, 1151, 1152, 1154, 1155, 1157, 1158, 1160, 1164, 1165, 1166, 1167, 1169, 1171, 1189, 1192, 1193, 1195, 1196, 1199, 1200, 1201, 1202, 1204, 1205, 1206, 1209, 1210, 1212, 1213, 1215, 1216, 1218, 1222, 1223, 1224, 1225, 1227, 1229, 1286, 1289, 1294, 1295, 1298, 1303, 1304, 1305, 1306, 1308, 1309, 1336, 1339, 1378, 1381, 1390, 1393, 1394, 1398, 1401, 1402, 1404, 1407, 1409, 1411, 1412, 1413, 1415, 1416, 1431, 1432, 1433, 1434, 1436, 1438, 1439, 1508, 1509, 1510, 1511, 1519, 1520, 1522, 1523, 1524, 1565, 1607, 1634, 1635, 1671, 1682, 1683, 1711, 1713, 1715, 1716, 1718, 1720, 1722, 1723, 1724, 1725, 1726, 1727, 1729, 1731, 1732, 1753, 1754, 1755, 1790, 1793, 1794, 1795, 1796, 1797, 1810, 1811, 1814, 1815, 1827, 1829, 1831, 1832, 1833, 1834, 1835, 1838, 1839, 1842, 1843, 1844, 1845], "excluded_lines": [1848, 1849], "executed_branches": [[30, 33], [56, 57], [56, 68], [73, 74], [377, 380], [380, 383], [396, 397], [401, 404], [407, 408], [413, 417], [421, 422], [421, 423], [423, 424], [437, 438], [437, 463], [438, 445], [533, 536], [544, 547], [551, 552], [551, 555], [564, 566], [564, 569], [620, -597], [644, 648], [655, 656], [655, 670], [661, 663], [663, 664], [768, 769], [768, 776], [793, 794], [793, 807], [847, 850], [854, 858], [858, 876], [883, 884], [883, 898], [931, 932], [931, 934], [941, 946], [946, 948], [946, 995], [951, 952], [951, 958], [958, 959], [958, 963], [970, 971], [970, 984], [996, 997], [996, 1003], [1008, 1009], [1008, 1018], [1018, 1019], [1018, 1024], [1027, 1028], [1041, 1047], [1277, 1278], [1277, 1280], [1285, 1292], [1314, 1315], [1314, 1321], [1330, 1331], [1331, 1330], [1331, 1332], [1335, 1341], [1344, 1345], [1344, 1356], [1364, 1366], [1364, 1367], [1367, 1370], [1373, 1375], [1373, 1384], [1385, 1386], [1385, 1397], [1389, 1385], [1397, 1420], [1421, 1422], [1421, 1425], [1458, 1460], [1458, 1538], [1463, 1464], [1463, 1472], [1465, 1466], [1465, 1468], [1472, 1474], [1472, 1480], [1485, 1486], [1486, 1487], [1486, 1489], [1491, 1492], [1492, 1493], [1492, 1495], [1498, 1499], [1498, 1501], [1506, 1507], [1506, 1526], [1507, 1513], [1518, 1532], [1526, 1527], [1526, 1529], [1532, 1533], [1532, 1535], [1541, 1543], [1541, 1548], [1558, 1559], [1559, 1560], [1559, 1562], [1563, 1564], [1563, 1568], [1564, 1563], [1569, 1570], [1570, 1571], [1570, 1573], [1580, 1581], [1580, 1583], [1587, 1588], [1587, 1590], [1604, 1605], [1612, 1613], [1612, 1616], [1621, 1622], [1621, 1632], [1652, 1654], [1652, 1659], [1667, 1668], [1669, 1670], [1669, 1674], [1670, 1669], [1675, 1676], [1785, 1786], [1785, 1800], [1787, 1788], [1802, 1803], [1802, 1806], [1806, 1807]], "missing_branches": [[30, 31], [41, 42], [41, 43], [60, 61], [60, 66], [73, 87], [79, 80], [79, 85], [290, 291], [290, 293], [299, 300], [299, 303], [315, 316], [315, 330], [317, 318], [317, 322], [320, 317], [320, 321], [377, 378], [380, 381], [396, 398], [398, 399], [398, 401], [401, 402], [407, 476], [413, 414], [423, 426], [438, 437], [476, 477], [476, 480], [533, 534], [544, 545], [620, 621], [644, 645], [661, 662], [663, 666], [684, 685], [684, 692], [686, 687], [686, 692], [693, 694], [693, 697], [701, 702], [701, 704], [704, 705], [704, 707], [711, 712], [711, 721], [713, 714], [713, 721], [718, 713], [718, 719], [736, 737], [736, 739], [847, 848], [854, 855], [858, 860], [860, -816], [860, 861], [866, 867], [866, 868], [868, 869], [868, 873], [941, 942], [1027, 1030], [1033, -904], [1033, 1034], [1034, -904], [1034, 1035], [1041, 1042], [1077, 1078], [1077, 1080], [1084, 1085], [1084, 1093], [1086, 1087], [1086, 1089], [1093, 1094], [1093, 1096], [1099, 1100], [1099, 1102], [1107, 1108], [1107, 1113], [1134, 1135], [1134, 1137], [1142, 1143], [1142, 1146], [1146, 1147], [1146, 1151], [1151, 1152], [1151, 1154], [1157, 1158], [1157, 1160], [1165, 1166], [1165, 1171], [1192, 1193], [1192, 1195], [1200, 1201], [1200, 1204], [1204, 1205], [1204, 1209], [1209, 1210], [1209, 1212], [1215, 1216], [1215, 1218], [1223, 1224], [1223, 1229], [1285, 1286], [1305, 1306], [1305, 1309], [1330, 1335], [1335, 1336], [1367, 1378], [1389, 1390], [1397, 1398], [1401, 1402], [1401, 1404], [1412, 1413], [1412, 1416], [1432, 1433], [1432, 1438], [1485, 1491], [1491, 1498], [1507, 1508], [1518, 1519], [1519, 1520], [1519, 1522], [1523, 1524], [1523, 1532], [1558, 1568], [1564, 1565], [1569, 1580], [1604, 1607], [1667, 1674], [1670, 1671], [1675, 1680], [1725, 1726], [1725, 1731], [1787, 1790], [1806, 1810], [1810, -1761], [1810, 1811]]}}}, "src/mcpi/clients/__init__.py": {"executed_lines": [1, 3, 4, 5, 6, 7, 9], "summary": {"covered_lines": 6, "num_statements": 6, "percent_covered": 100.0, "percent_covered_display": "100", "missing_lines": 0, "excluded_lines": 0, "num_branches": 0, "num_partial_branches": 0, "covered_branches": 0, "missing_branches": 0}, "missing_lines": [], "excluded_lines": [], "executed_branches": [], "missing_branches": [], "functions": {"": {"executed_lines": [1, 3, 4, 5, 6, 7, 9], "summary": {"covered_lines": 6, "num_statements": 6, "percent_covered": 100.0, "percent_covered_display": "100", "missing_lines": 0, "excluded_lines": 0, "num_branches": 0, "num_partial_branches": 0, "covered_branches": 0, "missing_branches": 0}, "missing_lines": [], "excluded_lines": [], "executed_branches": [], "missing_branches": []}}, "classes": {"": {"executed_lines": [1, 3, 4, 5, 6, 7, 9], "summary": {"covered_lines": 6, "num_statements": 6, "percent_covered": 100.0, "percent_covered_display": "100", "missing_lines": 0, "excluded_lines": 0, "num_branches": 0, "num_partial_branches": 0, "covered_branches": 0, "missing_branches": 0}, "missing_lines": [], "excluded_lines": [], "executed_branches": [], "missing_branches": []}}}, "src/mcpi/clients/base.py": {"executed_lines": [1, 3, 4, 6, 9, 10, 12, 18, 20, 21, 29, 30, 38, 39, 51, 52, 63, 64, 76, 77, 91, 100, 101, 104, 105, 107, 109, 110, 112, 113, 121, 122, 130, 131, 137, 139, 145, 147, 153, 155, 164, 166, 178, 184, 186, 187, 198, 199, 214, 215, 227, 228, 239, 248, 251, 252, 253, 256, 259, 261, 276, 285, 286, 287, 288, 290, 292, 307, 322, 333, 335, 336, 338, 341, 344], "summary": {"covered_lines": 48, "num_statements": 59, "percent_covered": 76.54320987654322, "percent_covered_display": "77", "missing_lines": 11, "excluded_lines": 130, "num_branches": 22, "num_partial_branches": 4, "covered_branches": 14, "missing_branches": 8}, "missing_lines": [179, 180, 257, 270, 271, 272, 274, 303, 318, 339, 342], "excluded_lines": [20, 21, 22, 23, 24, 25, 26, 27, 29, 30, 31, 32, 33, 34, 35, 36, 38, 39, 40, 41, 42, 43, 44, 45, 46, 47, 48, 49, 51, 52, 53, 54, 55, 56, 57, 58, 59, 60, 61, 63, 64, 65, 66, 67, 68, 69, 70, 71, 72, 73, 74, 76, 77, 78, 79, 80, 81, 82, 83, 84, 85, 86, 87, 88, 89, 112, 113, 114, 115, 116, 117, 118, 119, 121, 122, 123, 124, 125, 126, 127, 128, 186, 187, 188, 189, 190, 191, 192, 193, 194, 195, 196, 198, 199, 200, 201, 202, 203, 204, 205, 206, 207, 208, 209, 210, 211, 212, 214, 215, 216, 217, 218, 219, 220, 221, 222, 223, 224, 225, 227, 228, 229, 230, 231, 232, 233, 234, 235, 236, 237], "executed_branches": [[178, 184], [251, 252], [251, 256], [252, 251], [252, 253], [256, 259], [286, 287], [286, 290], [287, 286], [287, 288], [335, 336], [335, 338], [338, 341], [341, 344]], "missing_branches": [[178, 179], [256, 257], [270, 271], [270, 274], [271, 270], [271, 272], [338, 339], [341, 342]], "functions": {"ScopeHandler.__init__": {"executed_lines": [18], "summary": {"covered_lines": 1, "num_statements": 1, "percent_covered": 100.0, "percent_covered_display": "100", "missing_lines": 0, "excluded_lines": 0, "num_branches": 0, "num_partial_branches": 0, "covered_branches": 0, "missing_branches": 0}, "missing_lines": [], "excluded_lines": [], "executed_branches": [], "missing_branches": []}, "ScopeHandler.exists": {"executed_lines": [], "summary": {"covered_lines": 0, "num_statements": 0, "percent_covered": 100.0, "percent_covered_display": "100", "missing_lines": 0, "excluded_lines": 6, "num_branches": 0, "num_partial_branches": 0, "covered_branches": 0, "missing_branches": 0}, "missing_lines": [], "excluded_lines": [22, 23, 24, 25, 26, 27], "executed_branches": [], "missing_branches": []}, "ScopeHandler.get_servers": {"executed_lines": [], "summary": {"covered_lines": 0, "num_statements": 0, "percent_covered": 100.0, "percent_covered_display": "100", "missing_lines": 0, "excluded_lines": 6, "num_branches": 0, "num_partial_branches": 0, "covered_branches": 0, "missing_branches": 0}, "missing_lines": [], "excluded_lines": [31, 32, 33, 34, 35, 36], "executed_branches": [], "missing_branches": []}, "ScopeHandler.add_server": {"executed_lines": [], "summary": {"covered_lines": 0, "num_statements": 0, "percent_covered": 100.0, "percent_covered_display": "100", "missing_lines": 0, "excluded_lines": 10, "num_branches": 0, "num_partial_branches": 0, "covered_branches": 0, "missing_branches": 0}, "missing_lines": [], "excluded_lines": [40, 41, 42, 43, 44, 45, 46, 47, 48, 49], "executed_branches": [], "missing_branches": []}, "ScopeHandler.remove_server": {"executed_lines": [], "summary": {"covered_lines": 0, "num_statements": 0, "percent_covered": 100.0, "percent_covered_display": "100", "missing_lines": 0, "excluded_lines": 9, "num_branches": 0, "num_partial_branches": 0, "covered_branches": 0, "missing_branches": 0}, "missing_lines": [], "excluded_lines": [53, 54, 55, 56, 57, 58, 59, 60, 61], "executed_branches": [], "missing_branches": []}, "ScopeHandler.update_server": {"executed_lines": [], "summary": {"covered_lines": 0, "num_statements": 0, "percent_covered": 100.0, "percent_covered_display": "100", "missing_lines": 0, "excluded_lines": 10, "num_branches": 0, "num_partial_branches": 0, "covered_branches": 0, "missing_branches": 0}, "missing_lines": [], "excluded_lines": [65, 66, 67, 68, 69, 70, 71, 72, 73, 74], "executed_branches": [], "missing_branches": []}, "ScopeHandler.get_server_config": {"executed_lines": [], "summary": {"covered_lines": 0, "num_statements": 0, "percent_covered": 100.0, "percent_covered_display": "100", "missing_lines": 0, "excluded_lines": 12, "num_branches": 0, "num_partial_branches": 0, "covered_branches": 0, "missing_branches": 0}, "missing_lines": [], "excluded_lines": [78, 79, 80, 81, 82, 83, 84, 85, 86, 87, 88, 89], "executed_branches": [], "missing_branches": []}, "ScopeHandler.has_server": {"executed_lines": [100, 101], "summary": {"covered_lines": 2, "num_statements": 2, "percent_covered": 100.0, "percent_covered_display": "100", "missing_lines": 0, "excluded_lines": 0, "num_branches": 0, "num_partial_branches": 0, "covered_branches": 0, "missing_branches": 0}, "missing_lines": [], "excluded_lines": [], "executed_branches": [], "missing_branches": []}, "MCPClientPlugin.__init__": {"executed_lines": [109, 110], "summary": {"covered_lines": 2, "num_statements": 2, "percent_covered": 100.0, "percent_covered_display": "100", "missing_lines": 0, "excluded_lines": 0, "num_branches": 0, "num_partial_branches": 0, "covered_branches": 0, "missing_branches": 0}, "missing_lines": [], "excluded_lines": [], "executed_branches": [], "missing_branches": []}, "MCPClientPlugin._get_name": {"executed_lines": [], "summary": {"covered_lines": 0, "num_statements": 0, "percent_covered": 100.0, "percent_covered_display": "100", "missing_lines": 0, "excluded_lines": 6, "num_branches": 0, "num_partial_branches": 0, "covered_branches": 0, "missing_branches": 0}, "missing_lines": [], "excluded_lines": [114, 115, 116, 117, 118, 119], "executed_branches": [], "missing_branches": []}, "MCPClientPlugin._initialize_scopes": {"executed_lines": [], "summary": {"covered_lines": 0, "num_statements": 0, "percent_covered": 100.0, "percent_covered_display": "100", "missing_lines": 0, "excluded_lines": 6, "num_branches": 0, "num_partial_branches": 0, "covered_branches": 0, "missing_branches": 0}, "missing_lines": [], "excluded_lines": [123, 124, 125, 126, 127, 128], "executed_branches": [], "missing_branches": []}, "MCPClientPlugin.name": {"executed_lines": [137], "summary": {"covered_lines": 1, "num_statements": 1, "percent_covered": 100.0, "percent_covered_display": "100", "missing_lines": 0, "excluded_lines": 0, "num_branches": 0, "num_partial_branches": 0, "covered_branches": 0, "missing_branches": 0}, "missing_lines": [], "excluded_lines": [], "executed_branches": [], "missing_branches": []}, "MCPClientPlugin.get_scopes": {"executed_lines": [145], "summary": {"covered_lines": 1, "num_statements": 1, "percent_covered": 100.0, "percent_covered_display": "100", "missing_lines": 0, "excluded_lines": 0, "num_branches": 0, "num_partial_branches": 0, "covered_branches": 0, "missing_branches": 0}, "missing_lines": [], "excluded_lines": [], "executed_branches": [], "missing_branches": []}, "MCPClientPlugin.get_scope_names": {"executed_lines": [153], "summary": {"covered_lines": 1, "num_statements": 1, "percent_covered": 100.0, "percent_covered_display": "100", "missing_lines": 0, "excluded_lines": 0, "num_branches": 0, "num_partial_branches": 0, "covered_branches": 0, "missing_branches": 0}, "missing_lines": [], "excluded_lines": [], "executed_branches": [], "missing_branches": []}, "MCPClientPlugin.has_scope": {"executed_lines": [164], "summary": {"covered_lines": 1, "num_statements": 1, "percent_covered": 100.0, "percent_covered_display": "100", "missing_lines": 0, "excluded_lines": 0, "num_branches": 0, "num_partial_branches": 0, "covered_branches": 0, "missing_branches": 0}, "missing_lines": [], "excluded_lines": [], "executed_branches": [], "missing_branches": []}, "MCPClientPlugin.get_scope_handler": {"executed_lines": [178, 184], "summary": {"covered_lines": 2, "num_statements": 4, "percent_covered": 50.0, "percent_covered_display": "50", "missing_lines": 2, "excluded_lines": 0, "num_branches": 2, "num_partial_branches": 1, "covered_branches": 1, "missing_branches": 1}, "missing_lines": [179, 180], "excluded_lines": [], "executed_branches": [[178, 184]], "missing_branches": [[178, 179]]}, "MCPClientPlugin.list_servers": {"executed_lines": [], "summary": {"covered_lines": 0, "num_statements": 0, "percent_covered": 100.0, "percent_covered_display": "100", "missing_lines": 0, "excluded_lines": 9, "num_branches": 0, "num_partial_branches": 0, "covered_branches": 0, "missing_branches": 0}, "missing_lines": [], "excluded_lines": [188, 189, 190, 191, 192, 193, 194, 195, 196], "executed_branches": [], "missing_branches": []}, "MCPClientPlugin.add_server": {"executed_lines": [], "summary": {"covered_lines": 0, "num_statements": 0, "percent_covered": 100.0, "percent_covered_display": "100", "missing_lines": 0, "excluded_lines": 11, "num_branches": 0, "num_partial_branches": 0, "covered_branches": 0, "missing_branches": 0}, "missing_lines": [], "excluded_lines": [202, 203, 204, 205, 206, 207, 208, 209, 210, 211, 212], "executed_branches": [], "missing_branches": []}, "MCPClientPlugin.remove_server": {"executed_lines": [], "summary": {"covered_lines": 0, "num_statements": 0, "percent_covered": 100.0, "percent_covered_display": "100", "missing_lines": 0, "excluded_lines": 10, "num_branches": 0, "num_partial_branches": 0, "covered_branches": 0, "missing_branches": 0}, "missing_lines": [], "excluded_lines": [216, 217, 218, 219, 220, 221, 222, 223, 224, 225], "executed_branches": [], "missing_branches": []}, "MCPClientPlugin.get_server_state": {"executed_lines": [], "summary": {"covered_lines": 0, "num_statements": 0, "percent_covered": 100.0, "percent_covered_display": "100", "missing_lines": 0, "excluded_lines": 9, "num_branches": 0, "num_partial_branches": 0, "covered_branches": 0, "missing_branches": 0}, "missing_lines": [], "excluded_lines": [229, 230, 231, 232, 233, 234, 235, 236, 237], "executed_branches": [], "missing_branches": []}, "MCPClientPlugin.get_server_info": {"executed_lines": [248, 251, 252, 253, 256, 259], "summary": {"covered_lines": 6, "num_statements": 7, "percent_covered": 84.61538461538461, "percent_covered_display": "85", "missing_lines": 1, "excluded_lines": 0, "num_branches": 6, "num_partial_branches": 1, "covered_branches": 5, "missing_branches": 1}, "missing_lines": [257], "excluded_lines": [], "executed_branches": [[251, 252], [251, 256], [252, 251], [252, 253], [256, 259]], "missing_branches": [[256, 257]]}, "MCPClientPlugin.find_server_scope": {"executed_lines": [], "summary": {"covered_lines": 0, "num_statements": 4, "percent_covered": 0.0, "percent_covered_display": "0", "missing_lines": 4, "excluded_lines": 0, "num_branches": 4, "num_partial_branches": 0, "covered_branches": 0, "missing_branches": 4}, "missing_lines": [270, 271, 272, 274], "excluded_lines": [], "executed_branches": [], "missing_branches": [[270, 271], [270, 274], [271, 270], [271, 272]]}, "MCPClientPlugin.find_all_server_scopes": {"executed_lines": [285, 286, 287, 288, 290], "summary": {"covered_lines": 5, "num_statements": 5, "percent_covered": 100.0, "percent_covered_display": "100", "missing_lines": 0, "excluded_lines": 0, "num_branches": 4, "num_partial_branches": 0, "covered_branches": 4, "missing_branches": 0}, "missing_lines": [], "excluded_lines": [], "executed_branches": [[286, 287], [286, 290], [287, 286], [287, 288]], "missing_branches": []}, "MCPClientPlugin.enable_server": {"executed_lines": [], "summary": {"covered_lines": 0, "num_statements": 1, "percent_covered": 0.0, "percent_covered_display": "0", "missing_lines": 1, "excluded_lines": 0, "num_branches": 0, "num_partial_branches": 0, "covered_branches": 0, "missing_branches": 0}, "missing_lines": [303], "excluded_lines": [], "executed_branches": [], "missing_branches": []}, "MCPClientPlugin.disable_server": {"executed_lines": [], "summary": {"covered_lines": 0, "num_statements": 1, "percent_covered": 0.0, "percent_covered_display": "0", "missing_lines": 1, "excluded_lines": 0, "num_branches": 0, "num_partial_branches": 0, "covered_branches": 0, "missing_branches": 0}, "missing_lines": [318], "excluded_lines": [], "executed_branches": [], "missing_branches": []}, "MCPClientPlugin.validate_server_config": {"executed_lines": [333, 335, 336, 338, 341, 344], "summary": {"covered_lines": 6, "num_statements": 8, "percent_covered": 71.42857142857143, "percent_covered_display": "71", "missing_lines": 2, "excluded_lines": 0, "num_branches": 6, "num_partial_branches": 2, "covered_branches": 4, "missing_branches": 2}, "missing_lines": [339, 342], "excluded_lines": [], "executed_branches": [[335, 336], [335, 338], [338, 341], [341, 344]], "missing_branches": [[338, 339], [341, 342]]}, "": {"executed_lines": [1, 3, 4, 6, 9, 10, 12, 20, 21, 29, 30, 38, 39, 51, 52, 63, 64, 76, 77, 91, 104, 105, 107, 112, 113, 121, 122, 130, 131, 139, 147, 155, 166, 186, 187, 198, 199, 214, 215, 227, 228, 239, 261, 276, 292, 307, 322], "summary": {"covered_lines": 20, "num_statements": 20, "percent_covered": 100.0, "percent_covered_display": "100", "missing_lines": 0, "excluded_lines": 26, "num_branches": 0, "num_partial_branches": 0, "covered_branches": 0, "missing_branches": 0}, "missing_lines": [], "excluded_lines": [20, 21, 29, 30, 38, 39, 51, 52, 63, 64, 76, 77, 112, 113, 121, 122, 186, 187, 198, 199, 200, 201, 214, 215, 227, 228], "executed_branches": [], "missing_branches": []}}, "classes": {"ScopeHandler": {"executed_lines": [18, 100, 101], "summary": {"covered_lines": 3, "num_statements": 3, "percent_covered": 100.0, "percent_covered_display": "100", "missing_lines": 0, "excluded_lines": 53, "num_branches": 0, "num_partial_branches": 0, "covered_branches": 0, "missing_branches": 0}, "missing_lines": [], "excluded_lines": [22, 23, 24, 25, 26, 27, 31, 32, 33, 34, 35, 36, 40, 41, 42, 43, 44, 45, 46, 47, 48, 49, 53, 54, 55, 56, 57, 58, 59, 60, 61, 65, 66, 67, 68, 69, 70, 71, 72, 73, 74, 78, 79, 80, 81, 82, 83, 84, 85, 86, 87, 88, 89], "executed_branches": [], "missing_branches": []}, "MCPClientPlugin": {"executed_lines": [109, 110, 137, 145, 153, 164, 178, 184, 248, 251, 252, 253, 256, 259, 285, 286, 287, 288, 290, 333, 335, 336, 338, 341, 344], "summary": {"covered_lines": 25, "num_statements": 36, "percent_covered": 67.24137931034483, "percent_covered_display": "67", "missing_lines": 11, "excluded_lines": 51, "num_branches": 22, "num_partial_branches": 4, "covered_branches": 14, "missing_branches": 8}, "missing_lines": [179, 180, 257, 270, 271, 272, 274, 303, 318, 339, 342], "excluded_lines": [114, 115, 116, 117, 118, 119, 123, 124, 125, 126, 127, 128, 188, 189, 190, 191, 192, 193, 194, 195, 196, 202, 203, 204, 205, 206, 207, 208, 209, 210, 211, 212, 216, 217, 218, 219, 220, 221, 222, 223, 224, 225, 229, 230, 231, 232, 233, 234, 235, 236, 237], "executed_branches": [[178, 184], [251, 252], [251, 256], [252, 251], [252, 253], [256, 259], [286, 287], [286, 290], [287, 286], [287, 288], [335, 336], [335, 338], [338, 341], [341, 344]], "missing_branches": [[178, 179], [256, 257], [270, 271], [270, 274], [271, 270], [271, 272], [338, 339], [341, 342]]}, "": {"executed_lines": [1, 3, 4, 6, 9, 10, 12, 20, 21, 29, 30, 38, 39, 51, 52, 63, 64, 76, 77, 91, 104, 105, 107, 112, 113, 121, 122, 130, 131, 139, 147, 155, 166, 186, 187, 198, 199, 214, 215, 227, 228, 239, 261, 276, 292, 307, 322], "summary": {"covered_lines": 20, "num_statements": 20, "percent_covered": 100.0, "percent_covered_display": "100", "missing_lines": 0, "excluded_lines": 26, "num_branches": 0, "num_partial_branches": 0, "covered_branches": 0, "missing_branches": 0}, "missing_lines": [], "excluded_lines": [20, 21, 29, 30, 38, 39, 51, 52, 63, 64, 76, 77, 112, 113, 121, 122, 186, 187, 198, 199, 200, 201, 214, 215, 227, 228], "executed_branches": [], "missing_branches": []}}}, "src/mcpi/clients/claude_code.py": {"executed_lines": [1, 3, 4, 5, 7, 8, 9, 13, 19, 22, 23, 25, 35, 36, 37, 44, 45, 47, 57, 59, 61, 63, 65, 68, 71, 72, 76, 93, 96, 115, 118, 138, 141, 145, 164, 183, 200, 202, 218, 221, 224, 228, 229, 231, 234, 236, 245, 248, 249, 251, 253, 256, 257, 258, 260, 261, 263, 267, 270, 279, 281, 294, 295, 296, 301, 302, 303, 309, 310, 312, 322, 323, 324, 328, 329, 331, 341, 342, 343, 344, 345, 346, 347, 349, 350, 354, 356, 371, 372, 373, 374, 375, 377, 378, 383, 386, 397, 398, 406, 421, 422, 423, 424, 425, 427, 433, 436, 440, 445, 446, 454, 463, 466, 467, 472, 474, 475, 477, 480, 482, 484, 490, 492, 498, 500, 506, 508, 515, 516, 518, 524, 532, 533, 542], "summary": {"covered_lines": 132, "num_statements": 138, "percent_covered": 93.0, "percent_covered_display": "93", "missing_lines": 6, "excluded_lines": 0, "num_branches": 62, "num_partial_branches": 8, "covered_branches": 54, "missing_branches": 8}, "missing_lines": [219, 250, 391, 402, 428, 450], "excluded_lines": [], "executed_branches": [[35, 36], [36, 37], [36, 44], [218, 221], [224, 228], [224, 234], [228, 229], [228, 231], [248, 249], [248, 253], [249, 251], [256, 257], [256, 279], [257, 258], [257, 260], [261, 256], [261, 263], [294, 295], [294, 301], [302, 303], [302, 309], [322, 323], [322, 328], [343, 344], [343, 349], [344, 343], [344, 345], [349, 350], [349, 354], [372, 373], [372, 377], [373, 372], [373, 374], [377, 378], [377, 383], [386, 397], [397, 398], [422, 423], [423, 422], [423, 424], [427, 433], [436, 440], [436, 445], [445, 446], [466, 467], [466, 472], [472, 474], [472, 482], [474, 475], [474, 477], [477, 480], [477, 482], [532, 533], [532, 542]], "missing_branches": [[35, 44], [218, 219], [249, 250], [386, 391], [397, 402], [422, 427], [427, 428], [445, 450]], "functions": {"ClaudeCodePlugin.__init__": {"executed_lines": [35, 36, 37, 44, 45], "summary": {"covered_lines": 5, "num_statements": 5, "percent_covered": 88.88888888888889, "percent_covered_display": "89", "missing_lines": 0, "excluded_lines": 0, "num_branches": 4, "num_partial_branches": 1, "covered_branches": 3, "missing_branches": 1}, "missing_lines": [], "excluded_lines": [], "executed_branches": [[35, 36], [36, 37], [36, 44]], "missing_branches": [[35, 44]]}, "ClaudeCodePlugin._get_scope_path": {"executed_lines": [57], "summary": {"covered_lines": 1, "num_statements": 1, "percent_covered": 100.0, "percent_covered_display": "100", "missing_lines": 0, "excluded_lines": 0, "num_branches": 0, "num_partial_branches": 0, "covered_branches": 0, "missing_branches": 0}, "missing_lines": [], "excluded_lines": [], "executed_branches": [], "missing_branches": []}, "ClaudeCodePlugin._get_name": {"executed_lines": [61], "summary": {"covered_lines": 1, "num_statements": 1, "percent_covered": 100.0, "percent_covered_display": "100", "missing_lines": 0, "excluded_lines": 0, "num_branches": 0, "num_partial_branches": 0, "covered_branches": 0, "missing_branches": 0}, "missing_lines": [], "excluded_lines": [], "executed_branches": [], "missing_branches": []}, "ClaudeCodePlugin._initialize_scopes": {"executed_lines": [65, 68, 71, 72, 76, 93, 96, 115, 118, 138, 141, 145, 164, 183, 200], "summary": {"covered_lines": 15, "num_statements": 15, "percent_covered": 100.0, "percent_covered_display": "100", "missing_lines": 0, "excluded_lines": 0, "num_branches": 0, "num_partial_branches": 0, "covered_branches": 0, "missing_branches": 0}, "missing_lines": [], "excluded_lines": [], "executed_branches": [], "missing_branches": []}, "ClaudeCodePlugin._get_server_state": {"executed_lines": [218, 221, 224, 228, 229, 231, 234], "summary": {"covered_lines": 7, "num_statements": 8, "percent_covered": 85.71428571428571, "percent_covered_display": "86", "missing_lines": 1, "excluded_lines": 0, "num_branches": 6, "num_partial_branches": 1, "covered_branches": 5, "missing_branches": 1}, "missing_lines": [219], "excluded_lines": [], "executed_branches": [[218, 221], [224, 228], [224, 234], [228, 229], [228, 231]], "missing_branches": [[218, 219]]}, "ClaudeCodePlugin.list_servers": {"executed_lines": [245, 248, 249, 251, 253, 256, 257, 258, 260, 261, 263, 267, 270, 279], "summary": {"covered_lines": 14, "num_statements": 15, "percent_covered": 92.0, "percent_covered_display": "92", "missing_lines": 1, "excluded_lines": 0, "num_branches": 10, "num_partial_branches": 1, "covered_branches": 9, "missing_branches": 1}, "missing_lines": [250], "excluded_lines": [], "executed_branches": [[248, 249], [248, 253], [249, 251], [256, 257], [256, 279], [257, 258], [257, 260], [261, 256], [261, 263]], "missing_branches": [[249, 250]]}, "ClaudeCodePlugin.add_server": {"executed_lines": [294, 295, 296, 301, 302, 303, 309, 310], "summary": {"covered_lines": 8, "num_statements": 8, "percent_covered": 100.0, "percent_covered_display": "100", "missing_lines": 0, "excluded_lines": 0, "num_branches": 4, "num_partial_branches": 0, "covered_branches": 4, "missing_branches": 0}, "missing_lines": [], "excluded_lines": [], "executed_branches": [[294, 295], [294, 301], [302, 303], [302, 309]], "missing_branches": []}, "ClaudeCodePlugin.remove_server": {"executed_lines": [322, 323, 324, 328, 329], "summary": {"covered_lines": 5, "num_statements": 5, "percent_covered": 100.0, "percent_covered_display": "100", "missing_lines": 0, "excluded_lines": 0, "num_branches": 2, "num_partial_branches": 0, "covered_branches": 2, "missing_branches": 0}, "missing_lines": [], "excluded_lines": [], "executed_branches": [[322, 323], [322, 328]], "missing_branches": []}, "ClaudeCodePlugin.get_server_state": {"executed_lines": [341, 342, 343, 344, 345, 346, 347, 349, 350, 354], "summary": {"covered_lines": 10, "num_statements": 10, "percent_covered": 100.0, "percent_covered_display": "100", "missing_lines": 0, "excluded_lines": 0, "num_branches": 6, "num_partial_branches": 0, "covered_branches": 6, "missing_branches": 0}, "missing_lines": [], "excluded_lines": [], "executed_branches": [[343, 344], [343, 349], [344, 343], [344, 345], [349, 350], [349, 354]], "missing_branches": []}, "ClaudeCodePlugin.enable_server": {"executed_lines": [371, 372, 373, 374, 375, 377, 378, 383, 386, 397, 398], "summary": {"covered_lines": 11, "num_statements": 13, "percent_covered": 82.6086956521739, "percent_covered_display": "83", "missing_lines": 2, "excluded_lines": 0, "num_branches": 10, "num_partial_branches": 2, "covered_branches": 8, "missing_branches": 2}, "missing_lines": [391, 402], "excluded_lines": [], "executed_branches": [[372, 373], [372, 377], [373, 372], [373, 374], [377, 378], [377, 383], [386, 397], [397, 398]], "missing_branches": [[386, 391], [397, 402]]}, "ClaudeCodePlugin.disable_server": {"executed_lines": [421, 422, 423, 424, 425, 427, 433, 436, 440, 445, 446], "summary": {"covered_lines": 11, "num_statements": 13, "percent_covered": 78.26086956521739, "percent_covered_display": "78", "missing_lines": 2, "excluded_lines": 0, "num_branches": 10, "num_partial_branches": 3, "covered_branches": 7, "missing_branches": 3}, "missing_lines": [428, 450], "excluded_lines": [], "executed_branches": [[422, 423], [423, 422], [423, 424], [427, 433], [436, 440], [436, 445], [445, 446]], "missing_branches": [[422, 427], [427, 428], [445, 450]]}, "ClaudeCodePlugin.validate_server_config": {"executed_lines": [463, 466, 467, 472, 474, 475, 477, 480, 482], "summary": {"covered_lines": 9, "num_statements": 9, "percent_covered": 100.0, "percent_covered_display": "100", "missing_lines": 0, "excluded_lines": 0, "num_branches": 8, "num_partial_branches": 0, "covered_branches": 8, "missing_branches": 0}, "missing_lines": [], "excluded_lines": [], "executed_branches": [[466, 467], [466, 472], [472, 474], [472, 482], [474, 475], [474, 477], [477, 480], [477, 482]], "missing_branches": []}, "ClaudeCodePlugin.get_primary_scope": {"executed_lines": [490], "summary": {"covered_lines": 1, "num_statements": 1, "percent_covered": 100.0, "percent_covered_display": "100", "missing_lines": 0, "excluded_lines": 0, "num_branches": 0, "num_partial_branches": 0, "covered_branches": 0, "missing_branches": 0}, "missing_lines": [], "excluded_lines": [], "executed_branches": [], "missing_branches": []}, "ClaudeCodePlugin.get_project_scopes": {"executed_lines": [498], "summary": {"covered_lines": 1, "num_statements": 1, "percent_covered": 100.0, "percent_covered_display": "100", "missing_lines": 0, "excluded_lines": 0, "num_branches": 0, "num_partial_branches": 0, "covered_branches": 0, "missing_branches": 0}, "missing_lines": [], "excluded_lines": [], "executed_branches": [], "missing_branches": []}, "ClaudeCodePlugin.get_user_scopes": {"executed_lines": [506], "summary": {"covered_lines": 1, "num_statements": 1, "percent_covered": 100.0, "percent_covered_display": "100", "missing_lines": 0, "excluded_lines": 0, "num_branches": 0, "num_partial_branches": 0, "covered_branches": 0, "missing_branches": 0}, "missing_lines": [], "excluded_lines": [], "executed_branches": [], "missing_branches": []}, "ClaudeCodePlugin.is_installed": {"executed_lines": [515, 516], "summary": {"covered_lines": 2, "num_statements": 2, "percent_covered": 100.0, "percent_covered_display": "100", "missing_lines": 0, "excluded_lines": 0, "num_branches": 0, "num_partial_branches": 0, "covered_branches": 0, "missing_branches": 0}, "missing_lines": [], "excluded_lines": [], "executed_branches": [], "missing_branches": []}, "ClaudeCodePlugin.get_installation_info": {"executed_lines": [524, 532, 533, 542], "summary": {"covered_lines": 4, "num_statements": 4, "percent_covered": 100.0, "percent_covered_display": "100", "missing_lines": 0, "excluded_lines": 0, "num_branches": 2, "num_partial_branches": 0, "covered_branches": 2, "missing_branches": 0}, "missing_lines": [], "excluded_lines": [], "executed_branches": [[532, 533], [532, 542]], "missing_branches": []}, "": {"executed_lines": [1, 3, 4, 5, 7, 8, 9, 13, 19, 22, 23, 25, 47, 59, 63, 202, 236, 281, 312, 331, 356, 406, 454, 484, 492, 500, 508, 518], "summary": {"covered_lines": 26, "num_statements": 26, "percent_covered": 100.0, "percent_covered_display": "100", "missing_lines": 0, "excluded_lines": 0, "num_branches": 0, "num_partial_branches": 0, "covered_branches": 0, "missing_branches": 0}, "missing_lines": [], "excluded_lines": [], "executed_branches": [], "missing_branches": []}}, "classes": {"ClaudeCodePlugin": {"executed_lines": [35, 36, 37, 44, 45, 57, 61, 65, 68, 71, 72, 76, 93, 96, 115, 118, 138, 141, 145, 164, 183, 200, 218, 221, 224, 228, 229, 231, 234, 245, 248, 249, 251, 253, 256, 257, 258, 260, 261, 263, 267, 270, 279, 294, 295, 296, 301, 302, 303, 309, 310, 322, 323, 324, 328, 329, 341, 342, 343, 344, 345, 346, 347, 349, 350, 354, 371, 372, 373, 374, 375, 377, 378, 383, 386, 397, 398, 421, 422, 423, 424, 425, 427, 433, 436, 440, 445, 446, 463, 466, 467, 472, 474, 475, 477, 480, 482, 490, 498, 506, 515, 516, 524, 532, 533, 542], "summary": {"covered_lines": 106, "num_statements": 112, "percent_covered": 91.95402298850574, "percent_covered_display": "92", "missing_lines": 6, "excluded_lines": 0, "num_branches": 62, "num_partial_branches": 8, "covered_branches": 54, "missing_branches": 8}, "missing_lines": [219, 250, 391, 402, 428, 450], "excluded_lines": [], "executed_branches": [[35, 36], [36, 37], [36, 44], [218, 221], [224, 228], [224, 234], [228, 229], [228, 231], [248, 249], [248, 253], [249, 251], [256, 257], [256, 279], [257, 258], [257, 260], [261, 256], [261, 263], [294, 295], [294, 301], [302, 303], [302, 309], [322, 323], [322, 328], [343, 344], [343, 349], [344, 343], [344, 345], [349, 350], [349, 354], [372, 373], [372, 377], [373, 372], [373, 374], [377, 378], [377, 383], [386, 397], [397, 398], [422, 423], [423, 422], [423, 424], [427, 433], [436, 440], [436, 445], [445, 446], [466, 467], [466, 472], [472, 474], [472, 482], [474, 475], [474, 477], [477, 480], [477, 482], [532, 533], [532, 542]], "missing_branches": [[35, 44], [218, 219], [249, 250], [386, 391], [397, 402], [422, 427], [427, 428], [445, 450]]}, "": {"executed_lines": [1, 3, 4, 5, 7, 8, 9, 13, 19, 22, 23, 25, 47, 59, 63, 202, 236, 281, 312, 331, 356, 406, 454, 484, 492, 500, 508, 518], "summary": {"covered_lines": 26, "num_statements": 26, "percent_covered": 100.0, "percent_covered_display": "100", "missing_lines": 0, "excluded_lines": 0, "num_branches": 0, "num_partial_branches": 0, "covered_branches": 0, "missing_branches": 0}, "missing_lines": [], "excluded_lines": [], "executed_branches": [], "missing_branches": []}}}, "src/mcpi/clients/disabled_tracker.py": {"executed_lines": [1, 8, 9, 10, 13, 14, 21, 27, 29, 38, 39, 41, 50, 51, 52, 53, 54, 55, 59, 77, 85, 91, 92, 107, 114, 117, 118], "summary": {"covered_lines": 25, "num_statements": 46, "percent_covered": 48.214285714285715, "percent_covered_display": "48", "missing_lines": 21, "excluded_lines": 0, "num_branches": 10, "num_partial_branches": 2, "covered_branches": 2, "missing_branches": 8}, "missing_lines": [56, 57, 68, 69, 70, 71, 72, 73, 74, 75, 83, 94, 95, 96, 98, 99, 100, 101, 103, 104, 105], "excluded_lines": [], "executed_branches": [[52, 53], [91, 92]], "missing_branches": [[52, 55], [70, 71], [70, 73], [91, 94], [98, 99], [98, 100], [100, 101], [100, 103]], "functions": {"DisabledServersTracker.__init__": {"executed_lines": [27], "summary": {"covered_lines": 1, "num_statements": 1, "percent_covered": 100.0, "percent_covered_display": "100", "missing_lines": 0, "excluded_lines": 0, "num_branches": 0, "num_partial_branches": 0, "covered_branches": 0, "missing_branches": 0}, "missing_lines": [], "excluded_lines": [], "executed_branches": [], "missing_branches": []}, "DisabledServersTracker.is_disabled": {"executed_lines": [38, 39], "summary": {"covered_lines": 2, "num_statements": 2, "percent_covered": 100.0, "percent_covered_display": "100", "missing_lines": 0, "excluded_lines": 0, "num_branches": 0, "num_partial_branches": 0, "covered_branches": 0, "missing_branches": 0}, "missing_lines": [], "excluded_lines": [], "executed_branches": [], "missing_branches": []}, "DisabledServersTracker.disable": {"executed_lines": [50, 51, 52, 53, 54, 55], "summary": {"covered_lines": 6, "num_statements": 8, "percent_covered": 70.0, "percent_covered_display": "70", "missing_lines": 2, "excluded_lines": 0, "num_branches": 2, "num_partial_branches": 1, "covered_branches": 1, "missing_branches": 1}, "missing_lines": [56, 57], "excluded_lines": [], "executed_branches": [[52, 53]], "missing_branches": [[52, 55]]}, "DisabledServersTracker.enable": {"executed_lines": [], "summary": {"covered_lines": 0, "num_statements": 8, "percent_covered": 0.0, "percent_covered_display": "0", "missing_lines": 8, "excluded_lines": 0, "num_branches": 2, "num_partial_branches": 0, "covered_branches": 0, "missing_branches": 2}, "missing_lines": [68, 69, 70, 71, 72, 73, 74, 75], "excluded_lines": [], "executed_branches": [], "missing_branches": [[70, 71], [70, 73]]}, "DisabledServersTracker.get_disabled_servers": {"executed_lines": [], "summary": {"covered_lines": 0, "num_statements": 1, "percent_covered": 0.0, "percent_covered_display": "0", "missing_lines": 1, "excluded_lines": 0, "num_branches": 0, "num_partial_branches": 0, "covered_branches": 0, "missing_branches": 0}, "missing_lines": [83], "excluded_lines": [], "executed_branches": [], "missing_branches": []}, "DisabledServersTracker._read_disabled_servers": {"executed_lines": [91, 92], "summary": {"covered_lines": 2, "num_statements": 12, "percent_covered": 16.666666666666668, "percent_covered_display": "17", "missing_lines": 10, "excluded_lines": 0, "num_branches": 6, "num_partial_branches": 1, "covered_branches": 1, "missing_branches": 5}, "missing_lines": [94, 95, 96, 98, 99, 100, 101, 103, 104, 105], "excluded_lines": [], "executed_branches": [[91, 92]], "missing_branches": [[91, 94], [98, 99], [98, 100], [100, 101], [100, 103]]}, "DisabledServersTracker._write_disabled_servers": {"executed_lines": [114, 117, 118], "summary": {"covered_lines": 3, "num_statements": 3, "percent_covered": 100.0, "percent_covered_display": "100", "missing_lines": 0, "excluded_lines": 0, "num_branches": 0, "num_partial_branches": 0, "covered_branches": 0, "missing_branches": 0}, "missing_lines": [], "excluded_lines": [], "executed_branches": [], "missing_branches": []}, "": {"executed_lines": [1, 8, 9, 10, 13, 14, 21, 29, 41, 59, 77, 85, 107], "summary": {"covered_lines": 11, "num_statements": 11, "percent_covered": 100.0, "percent_covered_display": "100", "missing_lines": 0, "excluded_lines": 0, "num_branches": 0, "num_partial_branches": 0, "covered_branches": 0, "missing_branches": 0}, "missing_lines": [], "excluded_lines": [], "executed_branches": [], "missing_branches": []}}, "classes": {"DisabledServersTracker": {"executed_lines": [27, 38, 39, 50, 51, 52, 53, 54, 55, 91, 92, 114, 117, 118], "summary": {"covered_lines": 14, "num_statements": 35, "percent_covered": 35.55555555555556, "percent_covered_display": "36", "missing_lines": 21, "excluded_lines": 0, "num_branches": 10, "num_partial_branches": 2, "covered_branches": 2, "missing_branches": 8}, "missing_lines": [56, 57, 68, 69, 70, 71, 72, 73, 74, 75, 83, 94, 95, 96, 98, 99, 100, 101, 103, 104, 105], "excluded_lines": [], "executed_branches": [[52, 53], [91, 92]], "missing_branches": [[52, 55], [70, 71], [70, 73], [91, 94], [98, 99], [98, 100], [100, 101], [100, 103]]}, "": {"executed_lines": [1, 8, 9, 10, 13, 14, 21, 29, 41, 59, 77, 85, 107], "summary": {"covered_lines": 11, "num_statements": 11, "percent_covered": 100.0, "percent_covered_display": "100", "missing_lines": 0, "excluded_lines": 0, "num_branches": 0, "num_partial_branches": 0, "covered_branches": 0, "missing_branches": 0}, "missing_lines": [], "excluded_lines": [], "executed_branches": [], "missing_branches": []}}}, "src/mcpi/clients/enable_disable_handlers.py": {"executed_lines": [1, 3, 4, 6, 7, 10, 11, 17, 27, 28, 29, 31, 40, 43, 44, 45, 46, 50, 59, 61, 62, 67, 68, 71, 75, 76, 79, 80, 83, 84, 89, 98, 100, 101, 106, 107, 110, 111, 114, 115, 118, 119, 122, 123, 129, 130, 137, 143, 145, 154, 156, 165, 167], "summary": {"covered_lines": 50, "num_statements": 61, "percent_covered": 80.0, "percent_covered_display": "80", "missing_lines": 11, "excluded_lines": 0, "num_branches": 14, "num_partial_branches": 4, "covered_branches": 10, "missing_branches": 4}, "missing_lines": [41, 47, 48, 64, 72, 86, 87, 103, 125, 126, 176], "excluded_lines": [], "executed_branches": [[40, 43], [61, 62], [71, 75], [75, 76], [75, 79], [100, 101], [110, 111], [110, 114], [114, 115], [114, 118]], "missing_branches": [[40, 41], [61, 64], [71, 72], [100, 103]], "functions": {"ArrayBasedEnableDisableHandler.__init__": {"executed_lines": [27, 28, 29], "summary": {"covered_lines": 3, "num_statements": 3, "percent_covered": 100.0, "percent_covered_display": "100", "missing_lines": 0, "excluded_lines": 0, "num_branches": 0, "num_partial_branches": 0, "covered_branches": 0, "missing_branches": 0}, "missing_lines": [], "excluded_lines": [], "executed_branches": [], "missing_branches": []}, "ArrayBasedEnableDisableHandler.is_disabled": {"executed_lines": [40, 43, 44, 45, 46], "summary": {"covered_lines": 5, "num_statements": 8, "percent_covered": 60.0, "percent_covered_display": "60", "missing_lines": 3, "excluded_lines": 0, "num_branches": 2, "num_partial_branches": 1, "covered_branches": 1, "missing_branches": 1}, "missing_lines": [41, 47, 48], "excluded_lines": [], "executed_branches": [[40, 43]], "missing_branches": [[40, 41]]}, "ArrayBasedEnableDisableHandler.disable": {"executed_lines": [59, 61, 62, 67, 68, 71, 75, 76, 79, 80, 83, 84], "summary": {"covered_lines": 12, "num_statements": 16, "percent_covered": 72.72727272727273, "percent_covered_display": "73", "missing_lines": 4, "excluded_lines": 0, "num_branches": 6, "num_partial_branches": 2, "covered_branches": 4, "missing_branches": 2}, "missing_lines": [64, 72, 86, 87], "excluded_lines": [], "executed_branches": [[61, 62], [71, 75], [75, 76], [75, 79]], "missing_branches": [[61, 64], [71, 72]]}, "ArrayBasedEnableDisableHandler.enable": {"executed_lines": [98, 100, 101, 106, 107, 110, 111, 114, 115, 118, 119, 122, 123], "summary": {"covered_lines": 13, "num_statements": 16, "percent_covered": 81.81818181818181, "percent_covered_display": "82", "missing_lines": 3, "excluded_lines": 0, "num_branches": 6, "num_partial_branches": 1, "covered_branches": 5, "missing_branches": 1}, "missing_lines": [103, 125, 126], "excluded_lines": [], "executed_branches": [[100, 101], [110, 111], [110, 114], [114, 115], [114, 118]], "missing_branches": [[100, 103]]}, "FileTrackedEnableDisableHandler.__init__": {"executed_lines": [143], "summary": {"covered_lines": 1, "num_statements": 1, "percent_covered": 100.0, "percent_covered_display": "100", "missing_lines": 0, "excluded_lines": 0, "num_branches": 0, "num_partial_branches": 0, "covered_branches": 0, "missing_branches": 0}, "missing_lines": [], "excluded_lines": [], "executed_branches": [], "missing_branches": []}, "FileTrackedEnableDisableHandler.is_disabled": {"executed_lines": [154], "summary": {"covered_lines": 1, "num_statements": 1, "percent_covered": 100.0, "percent_covered_display": "100", "missing_lines": 0, "excluded_lines": 0, "num_branches": 0, "num_partial_branches": 0, "covered_branches": 0, "missing_branches": 0}, "missing_lines": [], "excluded_lines": [], "executed_branches": [], "missing_branches": []}, "FileTrackedEnableDisableHandler.disable": {"executed_lines": [165], "summary": {"covered_lines": 1, "num_statements": 1, "percent_covered": 100.0, "percent_covered_display": "100", "missing_lines": 0, "excluded_lines": 0, "num_branches": 0, "num_partial_branches": 0, "covered_branches": 0, "missing_branches": 0}, "missing_lines": [], "excluded_lines": [], "executed_branches": [], "missing_branches": []}, "FileTrackedEnableDisableHandler.enable": {"executed_lines": [], "summary": {"covered_lines": 0, "num_statements": 1, "percent_covered": 0.0, "percent_covered_display": "0", "missing_lines": 1, "excluded_lines": 0, "num_branches": 0, "num_partial_branches": 0, "covered_branches": 0, "missing_branches": 0}, "missing_lines": [176], "excluded_lines": [], "executed_branches": [], "missing_branches": []}, "": {"executed_lines": [1, 3, 4, 6, 7, 10, 11,
[...]
57, 59, 62, 71], "summary": {"covered_lines": 26, "num_statements": 26, "percent_covered": 100.0, "percent_covered_display": "100", "missing_lines": 0, "excluded_lines": 0, "num_branches": 6, "num_partial_branches": 0, "covered_branches": 6, "missing_branches": 0}, "missing_lines": [], "excluded_lines": [], "executed_branches": [[26, 27], [26, 30], [39, 40], [39, 45], [45, 46], [45, 59]], "missing_branches": [], "functions": {"setup_logging": {"executed_lines": [26, 27, 30, 31, 34, 36, 39, 40, 41, 42, 45, 46, 48, 50, 53, 54, 55, 57, 59], "summary": {"covered_lines": 19, "num_statements": 19, "percent_covered": 100.0, "percent_covered_display": "100", "missing_lines": 0, "excluded_lines": 0, "num_branches": 6, "num_partial_branches": 0, "covered_branches": 6, "missing_branches": 0}, "missing_lines": [], "excluded_lines": [], "executed_branches": [[26, 27], [26, 30], [39, 40], [39, 45], [45, 46], [45, 59]], "missing_branches": []}, "get_logger": {"executed_lines": [71], "summary": {"covered_lines": 1, "num_statements": 1, "percent_covered": 100.0, "percent_covered_display": "100", "missing_lines": 0, "excluded_lines": 0, "num_branches": 0, "num_partial_branches": 0, "covered_branches": 0, "missing_branches": 0}, "missing_lines": [], "excluded_lines": [], "executed_branches": [], "missing_branches": []}, "": {"executed_lines": [1, 3, 4, 5, 6, 9, 62], "summary": {"covered_lines": 6, "num_statements": 6, "percent_covered": 100.0, "percent_covered_display": "100", "missing_lines": 0, "excluded_lines": 0, "num_branches": 0, "num_partial_branches": 0, "covered_branches": 0, "missing_branches": 0}, "missing_lines": [], "excluded_lines": [], "executed_branches": [], "missing_branches": []}}, "classes": {"": {"executed_lines": [1, 3, 4, 5, 6, 9, 26, 27, 30, 31, 34, 36, 39, 40, 41, 42, 45, 46, 48, 50, 53, 54, 55, 57, 59, 62, 71], "summary": {"covered_lines": 26, "num_statements": 26, "percent_covered": 100.0, "percent_covered_display": "100", "missing_lines": 0, "excluded_lines": 0, "num_branches": 6, "num_partial_branches": 0, "covered_branches": 6, "missing_branches": 0}, "missing_lines": [], "excluded_lines": [], "executed_branches": [[26, 27], [26, 30], [39, 40], [39, 45], [45, 46], [45, 59]], "missing_branches": []}}}, "src/mcpi/utils/performance.py": {"executed_lines": [], "summary": {"covered_lines": 0, "num_statements": 101, "percent_covered": 0.0, "percent_covered_display": "0", "missing_lines": 101, "excluded_lines": 0, "num_branches": 26, "num_partial_branches": 0, "covered_branches": 0, "missing_branches": 26}, "missing_lines": [3, 4, 5, 6, 9, 12, 13, 14, 15, 17, 25, 26, 27, 28, 29, 32, 37, 40, 41, 42, 44, 46, 48, 50, 56, 57, 58, 60, 61, 62, 63, 65, 66, 73, 74, 75, 77, 78, 79, 83, 86, 90, 92, 93, 95, 96, 97, 99, 101, 102, 104, 105, 106, 109, 114, 117, 122, 124, 132, 135, 138, 139, 140, 141, 143, 145, 148, 151, 152, 153, 155, 157, 158, 160, 163, 164, 166, 168, 174, 175, 176, 177, 179, 187, 188, 196, 198, 200, 203, 209, 210, 211, 212, 221, 227, 228, 229, 232, 233, 241, 245], "excluded_lines": [], "executed_branches": [], "missing_branches": [[32, 37], [32, 40], [56, 57], [56, 60], [61, -50], [61, 62], [78, -65], [78, 79], [157, 158], [157, 160], [163, -155], [163, 164], [174, 175], [174, 196], [187, 174], [187, 188], [209, 210], [209, 221], [211, 209], [211, 212], [227, 228], [227, 241], [228, 227], [228, 229], [232, 227], [232, 233]], "functions": {"PerformanceOptimizer.__init__": {"executed_lines": [], "summary": {"covered_lines": 0, "num_statements": 3, "percent_covered": 0.0, "percent_covered_display": "0", "missing_lines": 3, "excluded_lines": 0, "num_branches": 0, "num_partial_branches": 0, "covered_branches": 0, "missing_branches": 0}, "missing_lines": [13, 14, 15], "excluded_lines": [], "executed_branches": [], "missing_branches": []}, "PerformanceOptimizer.cached_operation": {"executed_lines": [], "summary": {"covered_lines": 0, "num_statements": 3, "percent_covered": 0.0, "percent_covered_display": "0", "missing_lines": 3, "excluded_lines": 0, "num_branches": 0, "num_partial_branches": 0, "covered_branches": 0, "missing_branches": 0}, "missing_lines": [25, 26, 48], "excluded_lines": [], "executed_branches": [], "missing_branches": []}, "PerformanceOptimizer.cached_operation.decorator": {"executed_lines": [], "summary": {"covered_lines": 0, "num_statements": 2, "percent_covered": 0.0, "percent_covered_display": "0", "missing_lines": 2, "excluded_lines": 0, "num_branches": 0, "num_partial_branches": 0, "covered_branches": 0, "missing_branches": 0}, "missing_lines": [27, 46], "excluded_lines": [], "executed_branches": [], "missing_branches": []}, "PerformanceOptimizer.cached_operation.decorator.wrapper": {"executed_lines": [], "summary": {"covered_lines": 0, "num_statements": 8, "percent_covered": 0.0, "percent_covered_display": "0", "missing_lines": 8, "excluded_lines": 0, "num_branches": 2, "num_partial_branches": 0, "covered_branches": 0, "missing_branches": 2}, "missing_lines": [28, 29, 32, 37, 40, 41, 42, 44], "excluded_lines": [], "executed_branches": [], "missing_branches": [[32, 37], [32, 40]]}, "PerformanceOptimizer.clear_cache": {"executed_lines": [], "summary": {"covered_lines": 0, "num_statements": 7, "percent_covered": 0.0, "percent_covered_display": "0", "missing_lines": 7, "excluded_lines": 0, "num_branches": 4, "num_partial_branches": 0, "covered_branches": 0, "missing_branches": 4}, "missing_lines": [56, 57, 58, 60, 61, 62, 63], "excluded_lines": [], "executed_branches": [], "missing_branches": [[56, 57], [56, 60], [61, -50], [61, 62]]}, "PerformanceOptimizer.timer": {"executed_lines": [], "summary": {"covered_lines": 0, "num_statements": 6, "percent_covered": 0.0, "percent_covered_display": "0", "missing_lines": 6, "excluded_lines": 0, "num_branches": 2, "num_partial_branches": 0, "covered_branches": 0, "missing_branches": 2}, "missing_lines": [73, 74, 75, 77, 78, 79], "excluded_lines": [], "executed_branches": [], "missing_branches": [[78, -65], [78, 79]]}, "optimize_cli_startup": {"executed_lines": [], "summary": {"covered_lines": 0, "num_statements": 5, "percent_covered": 0.0, "percent_covered_display": "0", "missing_lines": 5, "excluded_lines": 0, "num_branches": 0, "num_partial_branches": 0, "covered_branches": 0, "missing_branches": 0}, "missing_lines": [90, 99, 109, 117, 124], "excluded_lines": [], "executed_branches": [], "missing_branches": []}, "optimize_cli_startup.lazy_import_yaml": {"executed_lines": [], "summary": {"covered_lines": 0, "num_statements": 5, "percent_covered": 0.0, "percent_covered_display": "0", "missing_lines": 5, "excluded_lines": 0, "num_branches": 0, "num_partial_branches": 0, "covered_branches": 0, "missing_branches": 0}, "missing_lines": [92, 93, 95, 96, 97], "excluded_lines": [], "executed_branches": [], "missing_branches": []}, "optimize_cli_startup.lazy_import_httpx": {"executed_lines": [], "summary": {"covered_lines": 0, "num_statements": 5, "percent_covered": 0.0, "percent_covered_display": "0", "missing_lines": 5, "excluded_lines": 0, "num_branches": 0, "num_partial_branches": 0, "covered_branches": 0, "missing_branches": 0}, "missing_lines": [101, 102, 104, 105, 106], "excluded_lines": [], "executed_branches": [], "missing_branches": []}, "optimize_cli_startup.optimize_registry_loading": {"executed_lines": [], "summary": {"covered_lines": 0, "num_statements": 1, "percent_covered": 0.0, "percent_covered_display": "0", "missing_lines": 1, "excluded_lines": 0, "num_branches": 0, "num_partial_branches": 0, "covered_branches": 0, "missing_branches": 0}, "missing_lines": [114], "excluded_lines": [], "executed_branches": [], "missing_branches": []}, "optimize_cli_startup.optimize_config_loading": {"executed_lines": [], "summary": {"covered_lines": 0, "num_statements": 1, "percent_covered": 0.0, "percent_covered_display": "0", "missing_lines": 1, "excluded_lines": 0, "num_branches": 0, "num_partial_branches": 0, "covered_branches": 0, "missing_branches": 0}, "missing_lines": [122], "excluded_lines": [], "executed_branches": [], "missing_branches": []}, "profile_cli_commands": {"executed_lines": [], "summary": {"covered_lines": 0, "num_statements": 2, "percent_covered": 0.0, "percent_covered_display": "0", "missing_lines": 2, "excluded_lines": 0, "num_branches": 0, "num_partial_branches": 0, "covered_branches": 0, "missing_branches": 0}, "missing_lines": [135, 145], "excluded_lines": [], "executed_branches": [], "missing_branches": []}, "profile_cli_commands.profile_command": {"executed_lines": [], "summary": {"covered_lines": 0, "num_statements": 3, "percent_covered": 0.0, "percent_covered_display": "0", "missing_lines": 3, "excluded_lines": 0, "num_branches": 0, "num_partial_branches": 0, "covered_branches": 0, "missing_branches": 0}, "missing_lines": [138, 139, 143], "excluded_lines": [], "executed_branches": [], "missing_branches": []}, "profile_cli_commands.profile_command.wrapper": {"executed_lines": [], "summary": {"covered_lines": 0, "num_statements": 2, "percent_covered": 0.0, "percent_covered_display": "0", "missing_lines": 2, "excluded_lines": 0, "num_branches": 0, "num_partial_branches": 0, "covered_branches": 0, "missing_branches": 0}, "missing_lines": [140, 141], "excluded_lines": [], "executed_branches": [], "missing_branches": []}, "CLIPerformanceMonitor.__init__": {"executed_lines": [], "summary": {"covered_lines": 0, "num_statements": 2, "percent_covered": 0.0, "percent_covered_display": "0", "missing_lines": 2, "excluded_lines": 0, "num_branches": 0, "num_partial_branches": 0, "covered_branches": 0, "missing_branches": 0}, "missing_lines": [152, 153], "excluded_lines": [], "executed_branches": [], "missing_branches": []}, "CLIPerformanceMonitor.record_command_time": {"executed_lines": [], "summary": {"covered_lines": 0, "num_statements": 5, "percent_covered": 0.0, "percent_covered_display": "0", "missing_lines": 5, "excluded_lines": 0, "num_branches": 4, "num_partial_branches": 0, "covered_branches": 0, "missing_branches": 4}, "missing_lines": [157, 158, 160, 163, 164], "excluded_lines": [], "executed_branches": [], "missing_branches": [[157, 158], [157, 160], [163, -155], [163, 164]]}, "CLIPerformanceMonitor.get_performance_report": {"executed_lines": [], "summary": {"covered_lines": 0, "num_statements": 9, "percent_covered": 0.0, "percent_covered_display": "0", "missing_lines": 9, "excluded_lines": 0, "num_branches": 4, "num_partial_branches": 0, "covered_branches": 0, "missing_branches": 4}, "missing_lines": [168, 174, 175, 176, 177, 179, 187, 188, 196], "excluded_lines": [], "executed_branches": [], "missing_branches": [[174, 175], [174, 196], [187, 174], [187, 188]]}, "CLIPerformanceMonitor.suggest_optimizations": {"executed_lines": [], "summary": {"covered_lines": 0, "num_statements": 13, "percent_covered": 0.0, "percent_covered_display": "0", "missing_lines": 13, "excluded_lines": 0, "num_branches": 10, "num_partial_branches": 0, "covered_branches": 0, "missing_branches": 10}, "missing_lines": [200, 203, 209, 210, 211, 212, 221, 227, 228, 229, 232, 233, 241], "excluded_lines": [], "executed_branches": [], "missing_branches": [[209, 210], [209, 221], [211, 209], [211, 212], [227, 228], [227, 241], [228, 227], [228, 229], [232, 227], [232, 233]]}, "": {"executed_lines": [], "summary": {"covered_lines": 0, "num_statements": 19, "percent_covered": 0.0, "percent_covered_display": "0", "missing_lines": 19, "excluded_lines": 0, "num_branches": 0, "num_partial_branches": 0, "covered_branches": 0, "missing_branches": 0}, "missing_lines": [3, 4, 5, 6, 9, 12, 17, 50, 65, 66, 83, 86, 132, 148, 151, 155, 166, 198, 245], "excluded_lines": [], "executed_branches": [], "missing_branches": []}}, "classes": {"PerformanceOptimizer": {"executed_lines": [], "summary": {"covered_lines": 0, "num_statements": 29, "percent_covered": 0.0, "percent_covered_display": "0", "missing_lines": 29, "excluded_lines": 0, "num_branches": 8, "num_partial_branches": 0, "covered_branches": 0, "missing_branches": 8}, "missing_lines": [13, 14, 15, 25, 26, 27, 28, 29, 32, 37, 40, 41, 42, 44, 46, 48, 56, 57, 58, 60, 61, 62, 63, 73, 74, 75, 77, 78, 79], "excluded_lines": [], "executed_branches": [], "missing_branches": [[32, 37], [32, 40], [56, 57], [56, 60], [61, -50], [61, 62], [78, -65], [78, 79]]}, "CLIPerformanceMonitor": {"executed_lines": [], "summary": {"covered_lines": 0, "num_statements": 29, "percent_covered": 0.0, "percent_covered_display": "0", "missing_lines": 29, "excluded_lines": 0, "num_branches": 18, "num_partial_branches": 0, "covered_branches": 0, "missing_branches": 18}, "missing_lines": [152, 153, 157, 158, 160, 163, 164, 168, 174, 175, 176, 177, 179, 187, 188, 196, 200, 203, 209, 210, 211, 212, 221, 227, 228, 229, 232, 233, 241], "excluded_lines": [], "executed_branches": [], "missing_branches": [[157, 158], [157, 160], [163, -155], [163, 164], [174, 175], [174, 196], [187, 174], [187, 188], [209, 210], [209, 221], [211, 209], [211, 212], [227, 228], [227, 241], [228, 227], [228, 229], [232, 227], [232, 233]]}, "": {"executed_lines": [], "summary": {"covered_lines": 0, "num_statements": 43, "percent_covered": 0.0, "percent_covered_display": "0", "missing_lines": 43, "excluded_lines": 0, "num_branches": 0, "num_partial_branches": 0, "covered_branches": 0, "missing_branches": 0}, "missing_lines": [3, 4, 5, 6, 9, 12, 17, 50, 65, 66, 83, 86, 90, 92, 93, 95, 96, 97, 99, 101, 102, 104, 105, 106, 109, 114, 117, 122, 124, 132, 135, 138, 139, 140, 141, 143, 145, 148, 151, 155, 166, 198, 245], "excluded_lines": [], "executed_branches": [], "missing_branches": []}}}, "src/mcpi/utils/validation.py": {"executed_lines": [1, 3, 4, 5, 8, 17, 18, 19, 20, 21, 24, 34, 35, 37, 38, 41, 43, 44, 47, 56, 57, 64, 71, 72, 75, 85, 86, 88, 90, 91, 93, 95, 96, 98, 100, 101, 103, 105, 108, 117, 118, 121, 122, 125, 134, 135, 138, 139, 142, 151, 152, 155, 174, 175, 178, 181, 191, 192, 195, 196, 199, 202, 203, 206, 207, 208, 209, 211], "summary": {"covered_lines": 67, "num_statements": 69, "percent_covered": 96.96969696969697, "percent_covered_display": "97", "missing_lines": 2, "excluded_lines": 0, "num_branches": 30, "num_partial_branches": 1, "covered_branches": 29, "missing_branches": 1}, "missing_lines": [67, 68], "excluded_lines": [], "executed_branches": [[37, 38], [37, 41], [56, 57], [56, 64], [64, 71], [85, 86], [85, 88], [88, 90], [88, 93], [93, 95], [93, 98], [98, 100], [98, 105], [100, 101], [100, 103], [117, 118], [117, 121], [134, 135], [134, 138], [151, 152], [151, 155], [174, 175], [174, 178], [191, 192], [191, 195], [202, 203], [202, 206], [206, 207], [206, 211]], "missing_branches": [[64, 67]], "functions": {"validate_url": {"executed_lines": [17, 18, 19, 20, 21], "summary": {"covered_lines": 5, "num_statements": 5, "percent_covered": 100.0, "percent_covered_display": "100", "missing_lines": 0, "excluded_lines": 0, "num_branches": 0, "num_partial_branches": 0, "covered_branches": 0, "missing_branches": 0}, "missing_lines": [], "excluded_lines": [], "executed_branches": [], "missing_branches": []}, "validate_path": {"executed_lines": [34, 35, 37, 38, 41, 43, 44], "summary": {"covered_lines": 7, "num_statements": 7, "percent_covered": 100.0, "percent_covered_display": "100", "missing_lines": 0, "excluded_lines": 0, "num_branches": 2, "num_partial_branches": 0, "covered_branches": 2, "missing_branches": 0}, "missing_lines": [], "excluded_lines": [], "executed_branches": [[37, 38], [37, 41]], "missing_branches": []}, "validate_server_id": {"executed_lines": [56, 57, 64, 71, 72], "summary": {"covered_lines": 5, "num_statements": 7, "percent_covered": 72.72727272727273, "percent_covered_display": "73", "missing_lines": 2, "excluded_lines": 0, "num_branches": 4, "num_partial_branches": 1, "covered_branches": 3, "missing_branches": 1}, "missing_lines": [67, 68], "excluded_lines": [], "executed_branches": [[56, 57], [56, 64], [64, 71]], "missing_branches": [[64, 67]]}, "validate_package_name": {"executed_lines": [85, 86, 88, 90, 91, 93, 95, 96, 98, 100, 101, 103, 105], "summary": {"covered_lines": 13, "num_statements": 13, "percent_covered": 100.0, "percent_covered_display": "100", "missing_lines": 0, "excluded_lines": 0, "num_branches": 10, "num_partial_branches": 0, "covered_branches": 10, "missing_branches": 0}, "missing_lines": [], "excluded_lines": [], "executed_branches": [[85, 86], [85, 88], [88, 90], [88, 93], [93, 95], [93, 98], [98, 100], [98, 105], [100, 101], [100, 103]], "missing_branches": []}, "validate_version": {"executed_lines": [117, 118, 121, 122], "summary": {"covered_lines": 4, "num_statements": 4, "percent_covered": 100.0, "percent_covered_display": "100", "missing_lines": 0, "excluded_lines": 0, "num_branches": 2, "num_partial_branches": 0, "covered_branches": 2, "missing_branches": 0}, "missing_lines": [], "excluded_lines": [], "executed_branches": [[117, 118], [117, 121]], "missing_branches": []}, "validate_email": {"executed_lines": [134, 135, 138, 139], "summary": {"covered_lines": 4, "num_statements": 4, "percent_covered": 100.0, "percent_covered_display": "100", "missing_lines": 0, "excluded_lines": 0, "num_branches": 2, "num_partial_branches": 0, "covered_branches": 2, "missing_branches": 0}, "missing_lines": [], "excluded_lines": [], "executed_branches": [[134, 135], [134, 138]], "missing_branches": []}, "validate_license": {"executed_lines": [151, 152, 155, 174, 175, 178], "summary": {"covered_lines": 6, "num_statements": 6, "percent_covered": 100.0, "percent_covered_display": "100", "missing_lines": 0, "excluded_lines": 0, "num_branches": 4, "num_partial_branches": 0, "covered_branches": 4, "missing_branches": 0}, "missing_lines": [], "excluded_lines": [], "executed_branches": [[151, 152], [151, 155], [174, 175], [174, 178]], "missing_branches": []}, "sanitize_filename": {"executed_lines": [191, 192, 195, 196, 199, 202, 203, 206, 207, 208, 209, 211], "summary": {"covered_lines": 12, "num_statements": 12, "percent_covered": 100.0, "percent_covered_display": "100", "missing_lines": 0, "excluded_lines": 0, "num_branches": 6, "num_partial_branches": 0, "covered_branches": 6, "missing_branches": 0}, "missing_lines": [], "excluded_lines": [], "executed_branches": [[191, 192], [191, 195], [202, 203], [202, 206], [206, 207], [206, 211]], "missing_branches": []}, "": {"executed_lines": [1, 3, 4, 5, 8, 24, 47, 75, 108, 125, 142, 181], "summary": {"covered_lines": 11, "num_statements": 11, "percent_covered": 100.0, "percent_covered_display": "100", "missing_lines": 0, "excluded_lines": 0, "num_branches": 0, "num_partial_branches": 0, "covered_branches": 0, "missing_branches": 0}, "missing_lines": [], "excluded_lines": [], "executed_branches": [], "missing_branches": []}}, "classes": {"": {"executed_lines": [1, 3, 4, 5, 8, 17, 18, 19, 20, 21, 24, 34, 35, 37, 38, 41, 43, 44, 47, 56, 57, 64, 71, 72, 75, 85, 86, 88, 90, 91, 93, 95, 96, 98, 100, 101, 103, 105, 108, 117, 118, 121, 122, 125, 134, 135, 138, 139, 142, 151, 152, 155, 174, 175, 178, 181, 191, 192, 195, 196, 199, 202, 203, 206, 207, 208, 209, 211], "summary": {"covered_lines": 67, "num_statements": 69, "percent_covered": 96.96969696969697, "percent_covered_display": "97", "missing_lines": 2, "excluded_lines": 0, "num_branches": 30, "num_partial_branches": 1, "covered_branches": 29, "missing_branches": 1}, "missing_lines": [67, 68], "excluded_lines": [], "executed_branches": [[37, 38], [37, 41], [56, 57], [56, 64], [64, 71], [85, 86], [85, 88], [88, 90], [88, 93], [93, 95], [93, 98], [98, 100], [98, 105], [100, 101], [100, 103], [117, 118], [117, 121], [134, 135], [134, 138], [151, 152], [151, 155], [174, 175], [174, 178], [191, 192], [191, 195], [202, 203], [202, 206], [206, 207], [206, 211]], "missing_branches": [[64, 67]]}}}}, "totals": {"covered_lines": 2157, "num_statements": 4213, "percent_covered": 47.46511217099452, "percent_covered_display": "47", "missing_lines": 2056, "excluded_lines": 393, "num_branches": 1448, "num_partial_branches": 134, "covered_branches": 530, "missing_branches": 918}}